<?xml version="1.0" encoding="UTF-8"?>
<robot generator="Robot 7.3.2 (Python 3.13.2 on win32)" generated="2025-08-26T18:09:19.484824" rpa="false" schemaversion="5">
<suite id="s1" name="Saucedemo" source="C:\Users\Navin Kumar\Desktop\Project 4\Task20_RobotFrameWork\TestCodes\saucedemo.robot">
<test id="s1-t1" name="Validate Successful Login" line="30">
<kw name="Open Webpage URL" owner="generic" type="SETUP">
<kw name="Create Webdriver" owner="SeleniumLibrary">
<msg time="2025-08-26T18:09:19.853291" level="INFO">Creating an instance of the Firefox WebDriver.</msg>
<arg>${browser}</arg>
<doc>Creates an instance of Selenium WebDriver.</doc>
<status status="PASS" start="2025-08-26T18:09:19.853071" elapsed="6.172245"/>
</kw>
<kw name="Maximize Browser Window" owner="SeleniumLibrary">
<doc>Maximizes current browser window.</doc>
<status status="PASS" start="2025-08-26T18:09:26.026392" elapsed="0.006327"/>
</kw>
<kw name="Go To" owner="SeleniumLibrary">
<msg time="2025-08-26T18:09:26.033553" level="INFO">Opening url 'https://www.saucedemo.com/'</msg>
<arg>${url}</arg>
<doc>Navigates the current browser window to the provided ``url``.</doc>
<status status="PASS" start="2025-08-26T18:09:26.033168" elapsed="0.846595"/>
</kw>
<arg>${browser_name}</arg>
<arg>${webpage_url}</arg>
<status status="PASS" start="2025-08-26T18:09:19.852066" elapsed="7.028017"/>
</kw>
<kw name="Enter User Credentials And Login" owner="loginpage">
<kw name="Page Should Contain" owner="SeleniumLibrary">
<msg time="2025-08-26T18:09:26.938090" level="INFO">Current page contains text 'Swag Labs'.</msg>
<arg>${logo_text}</arg>
<doc>Verifies that current page contains ``text``.</doc>
<status status="PASS" start="2025-08-26T18:09:26.881848" elapsed="0.056373"/>
</kw>
<kw name="Input Text" owner="SeleniumLibrary">
<msg time="2025-08-26T18:09:26.939833" level="INFO">Typing text 'standard_user' into text field 'css:#user-name'.</msg>
<arg>${email_input}</arg>
<arg>${username}</arg>
<doc>Types the given ``text`` into the text field identified by ``locator``.</doc>
<status status="PASS" start="2025-08-26T18:09:26.938555" elapsed="0.159974"/>
</kw>
<kw name="Input Password" owner="SeleniumLibrary">
<msg time="2025-08-26T18:09:27.099539" level="INFO">Typing password into text field 'css:#password'.</msg>
<msg time="2025-08-26T18:09:27.121933" level="INFO">Temporally setting log level to: NONE</msg>
<arg>${password_input}</arg>
<arg>${password}</arg>
<doc>Types the given password into the text field identified by ``locator``.</doc>
<status status="PASS" start="2025-08-26T18:09:27.098966" elapsed="0.055378"/>
</kw>
<kw name="Click Button" owner="SeleniumLibrary">
<msg time="2025-08-26T18:09:27.155217" level="INFO">Clicking button 'id:login-button'.</msg>
<arg>${login_button}</arg>
<doc>Clicks the button identified by ``locator``.</doc>
<status status="PASS" start="2025-08-26T18:09:27.154683" elapsed="0.188250"/>
</kw>
<arg>${valid_username}</arg>
<arg>${valid_password}</arg>
<status status="PASS" start="2025-08-26T18:09:26.880916" elapsed="0.462297"/>
</kw>
<kw name="Verify HomePage Login" owner="loginpage">
<kw name="Location Should Be" owner="SeleniumLibrary">
<msg time="2025-08-26T18:09:27.348422" level="INFO">Current location is 'https://www.saucedemo.com/inventory.html'.</msg>
<arg>${inventory_page_url}</arg>
<doc>Verifies that the current URL is exactly ``url``.</doc>
<status status="PASS" start="2025-08-26T18:09:27.345140" elapsed="0.003468"/>
</kw>
<status status="PASS" start="2025-08-26T18:09:27.344427" elapsed="0.004397"/>
</kw>
<kw name="Close The Browser" owner="generic" type="TEARDOWN">
<kw name="Close Browser" owner="SeleniumLibrary">
<doc>Closes the current browser.</doc>
<status status="PASS" start="2025-08-26T18:09:27.350204" elapsed="3.298014"/>
</kw>
<status status="PASS" start="2025-08-26T18:09:27.349581" elapsed="3.299048"/>
</kw>
<status status="PASS" start="2025-08-26T18:09:19.851056" elapsed="10.798320"/>
</test>
<test id="s1-t2" name="Validate the Invalid Login Error Message" line="38">
<kw name="Open Webpage URL" owner="generic" type="SETUP">
<kw name="Create Webdriver" owner="SeleniumLibrary">
<msg time="2025-08-26T18:09:30.656226" level="INFO">Creating an instance of the Firefox WebDriver.</msg>
<arg>${browser}</arg>
<doc>Creates an instance of Selenium WebDriver.</doc>
<status status="PASS" start="2025-08-26T18:09:30.655623" elapsed="6.032829"/>
</kw>
<kw name="Maximize Browser Window" owner="SeleniumLibrary">
<doc>Maximizes current browser window.</doc>
<status status="PASS" start="2025-08-26T18:09:36.688833" elapsed="0.005758"/>
</kw>
<kw name="Go To" owner="SeleniumLibrary">
<msg time="2025-08-26T18:09:36.695212" level="INFO">Opening url 'https://www.saucedemo.com/'</msg>
<arg>${url}</arg>
<doc>Navigates the current browser window to the provided ``url``.</doc>
<status status="PASS" start="2025-08-26T18:09:36.694885" elapsed="0.945690"/>
</kw>
<arg>${browser_name}</arg>
<arg>${webpage_url}</arg>
<status status="PASS" start="2025-08-26T18:09:30.654000" elapsed="6.986748"/>
</kw>
<kw name="Enter User Credentials And Login" owner="loginpage">
<kw name="Page Should Contain" owner="SeleniumLibrary">
<msg time="2025-08-26T18:09:37.725578" level="INFO">Current page contains text 'Swag Labs'.</msg>
<arg>${logo_text}</arg>
<doc>Verifies that current page contains ``text``.</doc>
<status status="PASS" start="2025-08-26T18:09:37.643595" elapsed="0.082294"/>
</kw>
<kw name="Input Text" owner="SeleniumLibrary">
<msg time="2025-08-26T18:09:37.729620" level="INFO">Typing text 'invalid_user' into text field 'css:#user-name'.</msg>
<arg>${email_input}</arg>
<arg>${username}</arg>
<doc>Types the given ``text`` into the text field identified by ``locator``.</doc>
<status status="PASS" start="2025-08-26T18:09:37.726528" elapsed="0.133015"/>
</kw>
<kw name="Input Password" owner="SeleniumLibrary">
<msg time="2025-08-26T18:09:37.860901" level="INFO">Typing password into text field 'css:#password'.</msg>
<msg time="2025-08-26T18:09:37.870323" level="INFO">Temporally setting log level to: NONE</msg>
<arg>${password_input}</arg>
<arg>${password}</arg>
<doc>Types the given password into the text field identified by ``locator``.</doc>
<status status="PASS" start="2025-08-26T18:09:37.860053" elapsed="0.077753"/>
</kw>
<kw name="Click Button" owner="SeleniumLibrary">
<msg time="2025-08-26T18:09:37.938915" level="INFO">Clicking button 'id:login-button'.</msg>
<arg>${login_button}</arg>
<doc>Clicks the button identified by ``locator``.</doc>
<status status="PASS" start="2025-08-26T18:09:37.938256" elapsed="0.119560"/>
</kw>
<arg>${invalid_username}</arg>
<arg>${invalid_password}</arg>
<status status="PASS" start="2025-08-26T18:09:37.641928" elapsed="0.416224"/>
</kw>
<kw name="Verify Notification Message" owner="generic">
<kw name="Wait Until Element Is Visible" owner="SeleniumLibrary">
<arg>${element}</arg>
<doc>Waits until the element ``locator`` is visible.</doc>
<status status="PASS" start="2025-08-26T18:09:38.061049" elapsed="0.025439"/>
</kw>
<kw name="Page Should Contain" owner="SeleniumLibrary">
<msg time="2025-08-26T18:09:38.097882" level="INFO">Current page contains text 'Epic sadface: Username and password do not match any user in this service'.</msg>
<arg>${notification_text}</arg>
<doc>Verifies that current page contains ``text``.</doc>
<status status="PASS" start="2025-08-26T18:09:38.086968" elapsed="0.011098"/>
</kw>
<arg>${login_error_element}</arg>
<arg>${invalid_login_error_message}</arg>
<status status="PASS" start="2025-08-26T18:09:38.059253" elapsed="0.039033"/>
</kw>
<kw name="Close The Browser" owner="generic" type="TEARDOWN">
<kw name="Close Browser" owner="SeleniumLibrary">
<doc>Closes the current browser.</doc>
<status status="PASS" start="2025-08-26T18:09:38.099868" elapsed="3.110926"/>
</kw>
<status status="PASS" start="2025-08-26T18:09:38.099127" elapsed="3.112068"/>
</kw>
<status status="PASS" start="2025-08-26T18:09:30.652219" elapsed="10.559736"/>
</test>
<test id="s1-t3" name="Validate Add Item To Cart" line="43">
<kw name="Open Webpage URL" owner="generic" type="SETUP">
<kw name="Create Webdriver" owner="SeleniumLibrary">
<msg time="2025-08-26T18:09:41.219365" level="INFO">Creating an instance of the Firefox WebDriver.</msg>
<arg>${browser}</arg>
<doc>Creates an instance of Selenium WebDriver.</doc>
<status status="PASS" start="2025-08-26T18:09:41.218795" elapsed="6.212325"/>
</kw>
<kw name="Maximize Browser Window" owner="SeleniumLibrary">
<doc>Maximizes current browser window.</doc>
<status status="PASS" start="2025-08-26T18:09:47.431459" elapsed="0.004057"/>
</kw>
<kw name="Go To" owner="SeleniumLibrary">
<msg time="2025-08-26T18:09:47.435980" level="INFO">Opening url 'https://www.saucedemo.com/'</msg>
<arg>${url}</arg>
<doc>Navigates the current browser window to the provided ``url``.</doc>
<status status="PASS" start="2025-08-26T18:09:47.435746" elapsed="0.766336"/>
</kw>
<arg>${browser_name}</arg>
<arg>${webpage_url}</arg>
<status status="PASS" start="2025-08-26T18:09:41.217485" elapsed="6.984901"/>
</kw>
<kw name="Login Into The Webpage" owner="loginpage">
<kw name="Enter User Credentials And Login" owner="loginpage">
<kw name="Page Should Contain" owner="SeleniumLibrary">
<msg time="2025-08-26T18:09:48.239678" level="INFO">Current page contains text 'Swag Labs'.</msg>
<arg>${logo_text}</arg>
<doc>Verifies that current page contains ``text``.</doc>
<status status="PASS" start="2025-08-26T18:09:48.204365" elapsed="0.035426"/>
</kw>
<kw name="Input Text" owner="SeleniumLibrary">
<msg time="2025-08-26T18:09:48.240321" level="INFO">Typing text 'standard_user' into text field 'css:#user-name'.</msg>
<arg>${email_input}</arg>
<arg>${username}</arg>
<doc>Types the given ``text`` into the text field identified by ``locator``.</doc>
<status status="PASS" start="2025-08-26T18:09:48.239994" elapsed="0.185611"/>
</kw>
<kw name="Input Password" owner="SeleniumLibrary">
<msg time="2025-08-26T18:09:48.426196" level="INFO">Typing password into text field 'css:#password'.</msg>
<msg time="2025-08-26T18:09:48.437753" level="INFO">Temporally setting log level to: NONE</msg>
<arg>${password_input}</arg>
<arg>${password}</arg>
<doc>Types the given password into the text field identified by ``locator``.</doc>
<status status="PASS" start="2025-08-26T18:09:48.425851" elapsed="0.067774"/>
</kw>
<kw name="Click Button" owner="SeleniumLibrary">
<msg time="2025-08-26T18:09:48.494767" level="INFO">Clicking button 'id:login-button'.</msg>
<arg>${login_button}</arg>
<doc>Clicks the button identified by ``locator``.</doc>
<status status="PASS" start="2025-08-26T18:09:48.494059" elapsed="0.169896"/>
</kw>
<arg>${valid_username}</arg>
<arg>${valid_password}</arg>
<status status="PASS" start="2025-08-26T18:09:48.203587" elapsed="0.460645"/>
</kw>
<kw name="Verify HomePage Login" owner="loginpage">
<kw name="Location Should Be" owner="SeleniumLibrary">
<msg time="2025-08-26T18:09:48.667282" level="INFO">Current location is 'https://www.saucedemo.com/inventory.html'.</msg>
<arg>${inventory_page_url}</arg>
<doc>Verifies that the current URL is exactly ``url``.</doc>
<status status="PASS" start="2025-08-26T18:09:48.665086" elapsed="0.002309"/>
</kw>
<status status="PASS" start="2025-08-26T18:09:48.664631" elapsed="0.002886"/>
</kw>
<status status="PASS" start="2025-08-26T18:09:48.202974" elapsed="0.464660"/>
</kw>
<kw name="Add Items To Cart" owner="inventorypage">
<for flavor="IN">
<iter>
<kw name="Get From Dictionary" owner="Collections">
<msg time="2025-08-26T18:09:48.669952" level="INFO">${locator} = css:button#add-to-cart-sauce-labs-backpack</msg>
<var>${locator}</var>
<arg>${inventory_items}</arg>
<arg>${item}</arg>
<doc>Returns a value from the given ``dictionary`` based on the given ``key``.</doc>
<status status="PASS" start="2025-08-26T18:09:48.669475" elapsed="0.000543"/>
</kw>
<kw name="Click Button" owner="SeleniumLibrary">
<msg time="2025-08-26T18:09:48.670621" level="INFO">Clicking button 'css:button#add-to-cart-sauce-labs-backpack'.</msg>
<arg>${locator}</arg>
<doc>Clicks the button identified by ``locator``.</doc>
<status status="PASS" start="2025-08-26T18:09:48.670276" elapsed="0.135776"/>
</kw>
<var name="${item}">Sauce Labs Backpack</var>
<status status="PASS" start="2025-08-26T18:09:48.669207" elapsed="0.137025"/>
</iter>
<var>${item}</var>
<value>@{list}</value>
<status status="PASS" start="2025-08-26T18:09:48.668803" elapsed="0.137647"/>
</for>
<arg>${cart_one_item}</arg>
<status status="PASS" start="2025-08-26T18:09:48.668282" elapsed="0.138405"/>
</kw>
<kw name="Go To Cart" owner="inventorypage">
<kw name="Click Element" owner="SeleniumLibrary">
<msg time="2025-08-26T18:09:48.808674" level="INFO">Clicking element 'css:a.shopping_cart_link'.</msg>
<arg>${cart_button}</arg>
<doc>Click the element identified by ``locator``.</doc>
<status status="PASS" start="2025-08-26T18:09:48.808197" elapsed="0.099644"/>
</kw>
<kw name="Location Should Be" owner="SeleniumLibrary">
<msg time="2025-08-26T18:09:48.912321" level="INFO">Current location is 'https://www.saucedemo.com/cart.html'.</msg>
<arg>${cart_page_url}</arg>
<doc>Verifies that the current URL is exactly ``url``.</doc>
<status status="PASS" start="2025-08-26T18:09:48.908230" elapsed="0.004341"/>
</kw>
<status status="PASS" start="2025-08-26T18:09:48.807419" elapsed="0.105402"/>
</kw>
<kw name="Verify Items In Cart" owner="cartpage">
<kw name="Collect List Of Elements" owner="inventorypage">
<kw name="Get WebElements" owner="SeleniumLibrary">
<msg time="2025-08-26T18:09:48.928910" level="INFO">@{elements} = [ &lt;selenium.webdriver.remote.webelement.WebElement (session="729a4b22-d979-4a54-be0c-f2b763da4c77", element="9dbde6d7-2636-4a80-b957-4c19078164a3")&gt; ]</msg>
<var>@{elements}</var>
<arg>${itemList_locator}</arg>
<doc>Returns a list of WebElement objects matching the ``locator``.</doc>
<status status="PASS" start="2025-08-26T18:09:48.915314" elapsed="0.013675"/>
</kw>
<kw name="Create List" owner="BuiltIn">
<msg time="2025-08-26T18:09:48.930390" level="INFO">${list} = []</msg>
<var>${list}</var>
<doc>Returns a list containing given items.</doc>
<status status="PASS" start="2025-08-26T18:09:48.929261" elapsed="0.001379"/>
</kw>
<for flavor="IN">
<iter>
<kw name="Get Text" owner="SeleniumLibrary">
<msg time="2025-08-26T18:09:48.944454" level="INFO">${text} = Sauce Labs Backpack</msg>
<var>${text}</var>
<arg>${element}</arg>
<doc>Returns the text value of the element identified by ``locator``.</doc>
<status status="PASS" start="2025-08-26T18:09:48.931991" elapsed="0.012808"/>
</kw>
<kw name="Log" owner="BuiltIn">
<msg time="2025-08-26T18:09:48.945898" level="INFO">Sauce Labs Backpack</msg>
<arg>${text}</arg>
<doc>Logs the given message with the given level.</doc>
<status status="PASS" start="2025-08-26T18:09:48.945326" elapsed="0.000744"/>
</kw>
<kw name="Append To List" owner="Collections">
<arg>${list}</arg>
<arg>${text}</arg>
<doc>Adds ``values`` to the end of ``list``.</doc>
<status status="PASS" start="2025-08-26T18:09:48.946456" elapsed="0.000424"/>
</kw>
<var name="${element}">&lt;selenium.webdriver.remote.webelement.WebElement (session="729a4b22-d979-4a54-be0c-f2b763da4c77", element="9dbde6d7-2636-4a80-b957-4c19078164a3")&gt;</var>
<status status="PASS" start="2025-08-26T18:09:48.931716" elapsed="0.015318"/>
</iter>
<var>${element}</var>
<value>@{elements}</value>
<status status="PASS" start="2025-08-26T18:09:48.931389" elapsed="0.015965"/>
</for>
<return>
<value>${list}</value>
<status status="PASS" start="2025-08-26T18:09:48.947545" elapsed="0.000110"/>
</return>
<msg time="2025-08-26T18:09:48.947958" level="INFO">${current_items} = ['Sauce Labs Backpack']</msg>
<var>${current_items}</var>
<status status="PASS" start="2025-08-26T18:09:48.914843" elapsed="0.033162"/>
</kw>
<kw name="Lists Should Be Equal" owner="Collections">
<arg>${list}</arg>
<arg>${current_items}</arg>
<doc>Fails if given lists are unequal.</doc>
<status status="PASS" start="2025-08-26T18:09:48.948211" elapsed="0.000322"/>
</kw>
<arg>${cart_one_item}</arg>
<status status="PASS" start="2025-08-26T18:09:48.913617" elapsed="0.035027"/>
</kw>
<kw name="Close The Browser" owner="generic" type="TEARDOWN">
<kw name="Close Browser" owner="SeleniumLibrary">
<doc>Closes the current browser.</doc>
<status status="PASS" start="2025-08-26T18:09:48.949746" elapsed="3.104543"/>
</kw>
<status status="PASS" start="2025-08-26T18:09:48.949332" elapsed="3.105420"/>
</kw>
<status status="PASS" start="2025-08-26T18:09:41.214949" elapsed="10.840623"/>
</test>
<test id="s1-t4" name="Validate Add Multiple Items To Cart" line="55">
<kw name="Open Webpage URL" owner="generic" type="SETUP">
<kw name="Create Webdriver" owner="SeleniumLibrary">
<msg time="2025-08-26T18:09:52.062595" level="INFO">Creating an instance of the Firefox WebDriver.</msg>
<arg>${browser}</arg>
<doc>Creates an instance of Selenium WebDriver.</doc>
<status status="PASS" start="2025-08-26T18:09:52.061942" elapsed="6.345137"/>
</kw>
<kw name="Maximize Browser Window" owner="SeleniumLibrary">
<doc>Maximizes current browser window.</doc>
<status status="PASS" start="2025-08-26T18:09:58.407489" elapsed="0.003447"/>
</kw>
<kw name="Go To" owner="SeleniumLibrary">
<msg time="2025-08-26T18:09:58.411597" level="INFO">Opening url 'https://www.saucedemo.com/'</msg>
<arg>${url}</arg>
<doc>Navigates the current browser window to the provided ``url``.</doc>
<status status="PASS" start="2025-08-26T18:09:58.411236" elapsed="1.344205"/>
</kw>
<arg>${browser_name}</arg>
<arg>${webpage_url}</arg>
<status status="PASS" start="2025-08-26T18:09:52.060558" elapsed="7.695439"/>
</kw>
<kw name="Login Into The Webpage" owner="loginpage">
<kw name="Enter User Credentials And Login" owner="loginpage">
<kw name="Page Should Contain" owner="SeleniumLibrary">
<msg time="2025-08-26T18:09:59.802294" level="INFO">Current page contains text 'Swag Labs'.</msg>
<arg>${logo_text}</arg>
<doc>Verifies that current page contains ``text``.</doc>
<status status="PASS" start="2025-08-26T18:09:59.758391" elapsed="0.044437"/>
</kw>
<kw name="Input Text" owner="SeleniumLibrary">
<msg time="2025-08-26T18:09:59.803728" level="INFO">Typing text 'standard_user' into text field 'css:#user-name'.</msg>
<arg>${email_input}</arg>
<arg>${username}</arg>
<doc>Types the given ``text`` into the text field identified by ``locator``.</doc>
<status status="PASS" start="2025-08-26T18:09:59.803320" elapsed="0.137935"/>
</kw>
<kw name="Input Password" owner="SeleniumLibrary">
<msg time="2025-08-26T18:09:59.942204" level="INFO">Typing password into text field 'css:#password'.</msg>
<msg time="2025-08-26T18:09:59.953731" level="INFO">Temporally setting log level to: NONE</msg>
<arg>${password_input}</arg>
<arg>${password}</arg>
<doc>Types the given password into the text field identified by ``locator``.</doc>
<status status="PASS" start="2025-08-26T18:09:59.941651" elapsed="0.150198"/>
</kw>
<kw name="Click Button" owner="SeleniumLibrary">
<msg time="2025-08-26T18:10:00.092618" level="INFO">Clicking button 'id:login-button'.</msg>
<arg>${login_button}</arg>
<doc>Clicks the button identified by ``locator``.</doc>
<status status="PASS" start="2025-08-26T18:10:00.092206" elapsed="0.159631"/>
</kw>
<arg>${valid_username}</arg>
<arg>${valid_password}</arg>
<status status="PASS" start="2025-08-26T18:09:59.757577" elapsed="0.494491"/>
</kw>
<kw name="Verify HomePage Login" owner="loginpage">
<kw name="Location Should Be" owner="SeleniumLibrary">
<msg time="2025-08-26T18:10:00.256328" level="INFO">Current location is 'https://www.saucedemo.com/inventory.html'.</msg>
<arg>${inventory_page_url}</arg>
<doc>Verifies that the current URL is exactly ``url``.</doc>
<status status="PASS" start="2025-08-26T18:10:00.252977" elapsed="0.003513"/>
</kw>
<status status="PASS" start="2025-08-26T18:10:00.252429" elapsed="0.004250"/>
</kw>
<status status="PASS" start="2025-08-26T18:09:59.756771" elapsed="0.500049"/>
</kw>
<kw name="Add Multiple Items To Cart" owner="inventorypage">
<for flavor="IN">
<iter>
<kw name="Get From Dictionary" owner="Collections">
<msg time="2025-08-26T18:10:00.259235" level="INFO">${locator} = css:button#add-to-cart-sauce-labs-backpack</msg>
<var>${locator}</var>
<arg>${inventory_items}</arg>
<arg>${item}</arg>
<doc>Returns a value from the given ``dictionary`` based on the given ``key``.</doc>
<status status="PASS" start="2025-08-26T18:10:00.258738" elapsed="0.000573"/>
</kw>
<kw name="Click Button" owner="SeleniumLibrary">
<msg time="2025-08-26T18:10:00.260034" level="INFO">Clicking button 'css:button#add-to-cart-sauce-labs-backpack'.</msg>
<arg>${locator}</arg>
<doc>Clicks the button identified by ``locator``.</doc>
<status status="PASS" start="2025-08-26T18:10:00.259610" elapsed="0.101293"/>
</kw>
<var name="${item}">Sauce Labs Backpack</var>
<status status="PASS" start="2025-08-26T18:10:00.258476" elapsed="0.102591"/>
</iter>
<iter>
<kw name="Get From Dictionary" owner="Collections">
<msg time="2025-08-26T18:10:00.362212" level="INFO">${locator} = css:button#add-to-cart-sauce-labs-fleece-jacket</msg>
<var>${locator}</var>
<arg>${inventory_items}</arg>
<arg>${item}</arg>
<doc>Returns a value from the given ``dictionary`` based on the given ``key``.</doc>
<status status="PASS" start="2025-08-26T18:10:00.361678" elapsed="0.000647"/>
</kw>
<kw name="Click Button" owner="SeleniumLibrary">
<msg time="2025-08-26T18:10:00.363644" level="INFO">Clicking button 'css:button#add-to-cart-sauce-labs-fleece-jacket'.</msg>
<arg>${locator}</arg>
<doc>Clicks the button identified by ``locator``.</doc>
<status status="PASS" start="2025-08-26T18:10:00.363086" elapsed="0.081060"/>
</kw>
<var name="${item}">Sauce Labs Fleece Jacket</var>
<status status="PASS" start="2025-08-26T18:10:00.361407" elapsed="0.082860"/>
</iter>
<iter>
<kw name="Get From Dictionary" owner="Collections">
<msg time="2025-08-26T18:10:00.444951" level="INFO">${locator} = css:button#add-to-cart-sauce-labs-onesie</msg>
<var>${locator}</var>
<arg>${inventory_items}</arg>
<arg>${item}</arg>
<doc>Returns a value from the given ``dictionary`` based on the given ``key``.</doc>
<status status="PASS" start="2025-08-26T18:10:00.444631" elapsed="0.000362"/>
</kw>
<kw name="Click Button" owner="SeleniumLibrary">
<msg time="2025-08-26T18:10:00.445473" level="INFO">Clicking button 'css:button#add-to-cart-sauce-labs-onesie'.</msg>
<arg>${locator}</arg>
<doc>Clicks the button identified by ``locator``.</doc>
<status status="PASS" start="2025-08-26T18:10:00.445162" elapsed="0.082414"/>
</kw>
<var name="${item}">Sauce Labs Onesie</var>
<status status="PASS" start="2025-08-26T18:10:00.444461" elapsed="0.083437"/>
</iter>
<var>${item}</var>
<value>@{list}</value>
<status status="PASS" start="2025-08-26T18:10:00.258138" elapsed="0.269937"/>
</for>
<arg>${cart_list}</arg>
<status status="PASS" start="2025-08-26T18:10:00.257594" elapsed="0.270823"/>
</kw>
<kw name="Go To Cart" owner="inventorypage">
<kw name="Click Element" owner="SeleniumLibrary">
<msg time="2025-08-26T18:10:00.531304" level="INFO">Clicking element 'css:a.shopping_cart_link'.</msg>
<arg>${cart_button}</arg>
<doc>Click the element identified by ``locator``.</doc>
<status status="PASS" start="2025-08-26T18:10:00.530650" elapsed="0.133825"/>
</kw>
<kw name="Location Should Be" owner="SeleniumLibrary">
<msg time="2025-08-26T18:10:00.670176" level="INFO">Current location is 'https://www.saucedemo.com/cart.html'.</msg>
<arg>${cart_page_url}</arg>
<doc>Verifies that the current URL is exactly ``url``.</doc>
<status status="PASS" start="2025-08-26T18:10:00.664917" elapsed="0.005492"/>
</kw>
<status status="PASS" start="2025-08-26T18:10:00.529602" elapsed="0.141056"/>
</kw>
<kw name="Verify Items In Cart" owner="cartpage">
<kw name="Collect List Of Elements" owner="inventorypage">
<kw name="Get WebElements" owner="SeleniumLibrary">
<msg time="2025-08-26T18:10:00.680431" level="INFO">@{elements} = [ &lt;selenium.webdriver.remote.webelement.WebElement (session="722f370f-fa9e-4025-a20f-1d36b9828b2f", element="a6fc058a-0f5a-46d2-b88a-ccaa85add17d")&gt; | &lt;selenium.webdriver.remote.webelement.WebElement ...</msg>
<var>@{elements}</var>
<arg>${itemList_locator}</arg>
<doc>Returns a list of WebElement objects matching the ``locator``.</doc>
<status status="PASS" start="2025-08-26T18:10:00.673335" elapsed="0.007232"/>
</kw>
<kw name="Create List" owner="BuiltIn">
<msg time="2025-08-26T18:10:00.681750" level="INFO">${list} = []</msg>
<var>${list}</var>
<doc>Returns a list containing given items.</doc>
<status status="PASS" start="2025-08-26T18:10:00.681244" elapsed="0.000605"/>
</kw>
<for flavor="IN">
<iter>
<kw name="Get Text" owner="SeleniumLibrary">
<msg time="2025-08-26T18:10:00.712617" level="INFO">${text} = Sauce Labs Backpack</msg>
<var>${text}</var>
<arg>${element}</arg>
<doc>Returns the text value of the element identified by ``locator``.</doc>
<status status="PASS" start="2025-08-26T18:10:00.682958" elapsed="0.029972"/>
</kw>
<kw name="Log" owner="BuiltIn">
<msg time="2025-08-26T18:10:00.714030" level="INFO">Sauce Labs Backpack</msg>
<arg>${text}</arg>
<doc>Logs the given message with the given level.</doc>
<status status="PASS" start="2025-08-26T18:10:00.713464" elapsed="0.000737"/>
</kw>
<kw name="Append To List" owner="Collections">
<arg>${list}</arg>
<arg>${text}</arg>
<doc>Adds ``values`` to the end of ``list``.</doc>
<status status="PASS" start="2025-08-26T18:10:00.714629" elapsed="0.000631"/>
</kw>
<var name="${element}">&lt;selenium.webdriver.remote.webelement.WebElement (session="722f370f-fa9e-4025-a20f-1d36b9828b2f", element="a6fc058a-0f5a-46d2-b88a-ccaa85add17d")&gt;</var>
<status status="PASS" start="2025-08-26T18:10:00.682633" elapsed="0.032828"/>
</iter>
<iter>
<kw name="Get Text" owner="SeleniumLibrary">
<msg time="2025-08-26T18:10:00.733940" level="INFO">${text} = Sauce Labs Fleece Jacket</msg>
<var>${text}</var>
<arg>${element}</arg>
<doc>Returns the text value of the element identified by ``locator``.</doc>
<status status="PASS" start="2025-08-26T18:10:00.716497" elapsed="0.017565"/>
</kw>
<kw name="Log" owner="BuiltIn">
<msg time="2025-08-26T18:10:00.734926" level="INFO">Sauce Labs Fleece Jacket</msg>
<arg>${text}</arg>
<doc>Logs the given message with the given level.</doc>
<status status="PASS" start="2025-08-26T18:10:00.734499" elapsed="0.000577"/>
</kw>
<kw name="Append To List" owner="Collections">
<arg>${list}</arg>
<arg>${text}</arg>
<doc>Adds ``values`` to the end of ``list``.</doc>
<status status="PASS" start="2025-08-26T18:10:00.735405" elapsed="0.000459"/>
</kw>
<var name="${element}">&lt;selenium.webdriver.remote.webelement.WebElement (session="722f370f-fa9e-4025-a20f-1d36b9828b2f", element="25d7f603-cdb1-4fb0-af13-59be8cc8050f")&gt;</var>
<status status="PASS" start="2025-08-26T18:10:00.715996" elapsed="0.020038"/>
</iter>
<iter>
<kw name="Get Text" owner="SeleniumLibrary">
<msg time="2025-08-26T18:10:00.754667" level="INFO">${text} = Sauce Labs Onesie</msg>
<var>${text}</var>
<arg>${element}</arg>
<doc>Returns the text value of the element identified by ``locator``.</doc>
<status status="PASS" start="2025-08-26T18:10:00.736693" elapsed="0.018107"/>
</kw>
<kw name="Log" owner="BuiltIn">
<msg time="2025-08-26T18:10:00.755726" level="INFO">Sauce Labs Onesie</msg>
<arg>${text}</arg>
<doc>Logs the given message with the given level.</doc>
<status status="PASS" start="2025-08-26T18:10:00.755286" elapsed="0.000590"/>
</kw>
<kw name="Append To List" owner="Collections">
<arg>${list}</arg>
<arg>${text}</arg>
<doc>Adds ``values`` to the end of ``list``.</doc>
<status status="PASS" start="2025-08-26T18:10:00.756230" elapsed="0.000482"/>
</kw>
<var name="${element}">&lt;selenium.webdriver.remote.webelement.WebElement (session="722f370f-fa9e-4025-a20f-1d36b9828b2f", element="c2fbd908-3bdc-42fd-8e82-f837e85c165d")&gt;</var>
<status status="PASS" start="2025-08-26T18:10:00.736391" elapsed="0.020477"/>
</iter>
<var>${element}</var>
<value>@{elements}</value>
<status status="PASS" start="2025-08-26T18:10:00.682062" elapsed="0.074968"/>
</for>
<return>
<value>${list}</value>
<status status="PASS" start="2025-08-26T18:10:00.757287" elapsed="0.000164"/>
</return>
<msg time="2025-08-26T18:10:00.757909" level="INFO">${current_items} = ['Sauce Labs Backpack', 'Sauce Labs Fleece Jacket', 'Sauce Labs Onesie']</msg>
<var>${current_items}</var>
<status status="PASS" start="2025-08-26T18:10:00.672648" elapsed="0.085357"/>
</kw>
<kw name="Lists Should Be Equal" owner="Collections">
<arg>${list}</arg>
<arg>${current_items}</arg>
<doc>Fails if given lists are unequal.</doc>
<status status="PASS" start="2025-08-26T18:10:00.758410" elapsed="0.000630"/>
</kw>
<arg>${cart_list}</arg>
<status status="PASS" start="2025-08-26T18:10:00.671553" elapsed="0.087726"/>
</kw>
<kw name="Close The Browser" owner="generic" type="TEARDOWN">
<kw name="Close Browser" owner="SeleniumLibrary">
<doc>Closes the current browser.</doc>
<status status="PASS" start="2025-08-26T18:10:00.761988" elapsed="3.250828"/>
</kw>
<status status="PASS" start="2025-08-26T18:10:00.760656" elapsed="3.252626"/>
</kw>
<status status="PASS" start="2025-08-26T18:09:52.058487" elapsed="11.955559"/>
</test>
<test id="s1-t5" name="Validate Checkout Of Products" line="67">
<kw name="Open Webpage URL" owner="generic" type="SETUP">
<kw name="Create Webdriver" owner="SeleniumLibrary">
<msg time="2025-08-26T18:10:04.021444" level="INFO">Creating an instance of the Firefox WebDriver.</msg>
<arg>${browser}</arg>
<doc>Creates an instance of Selenium WebDriver.</doc>
<status status="PASS" start="2025-08-26T18:10:04.020755" elapsed="6.144452"/>
</kw>
<kw name="Maximize Browser Window" owner="SeleniumLibrary">
<doc>Maximizes current browser window.</doc>
<status status="PASS" start="2025-08-26T18:10:10.165524" elapsed="0.003667"/>
</kw>
<kw name="Go To" owner="SeleniumLibrary">
<msg time="2025-08-26T18:10:10.169842" level="INFO">Opening url 'https://www.saucedemo.com/'</msg>
<arg>${url}</arg>
<doc>Navigates the current browser window to the provided ``url``.</doc>
<status status="PASS" start="2025-08-26T18:10:10.169520" elapsed="0.805049"/>
</kw>
<arg>${browser_name}</arg>
<arg>${webpage_url}</arg>
<status status="PASS" start="2025-08-26T18:10:04.019236" elapsed="6.955615"/>
</kw>
<kw name="Login Into The Webpage" owner="loginpage">
<kw name="Enter User Credentials And Login" owner="loginpage">
<kw name="Page Should Contain" owner="SeleniumLibrary">
<msg time="2025-08-26T18:10:11.027477" level="INFO">Current page contains text 'Swag Labs'.</msg>
<arg>${logo_text}</arg>
<doc>Verifies that current page contains ``text``.</doc>
<status status="PASS" start="2025-08-26T18:10:10.977123" elapsed="0.050490"/>
</kw>
<kw name="Input Text" owner="SeleniumLibrary">
<msg time="2025-08-26T18:10:11.028245" level="INFO">Typing text 'standard_user' into text field 'css:#user-name'.</msg>
<arg>${email_input}</arg>
<arg>${username}</arg>
<doc>Types the given ``text`` into the text field identified by ``locator``.</doc>
<status status="PASS" start="2025-08-26T18:10:11.027830" elapsed="0.126921"/>
</kw>
<kw name="Input Password" owner="SeleniumLibrary">
<msg time="2025-08-26T18:10:11.155417" level="INFO">Typing password into text field 'css:#password'.</msg>
<msg time="2025-08-26T18:10:11.178606" level="INFO">Temporally setting log level to: NONE</msg>
<arg>${password_input}</arg>
<arg>${password}</arg>
<doc>Types the given password into the text field identified by ``locator``.</doc>
<status status="PASS" start="2025-08-26T18:10:11.155033" elapsed="0.063702"/>
</kw>
<kw name="Click Button" owner="SeleniumLibrary">
<msg time="2025-08-26T18:10:11.220957" level="INFO">Clicking button 'id:login-button'.</msg>
<arg>${login_button}</arg>
<doc>Clicks the button identified by ``locator``.</doc>
<status status="PASS" start="2025-08-26T18:10:11.219930" elapsed="0.193095"/>
</kw>
<arg>${valid_username}</arg>
<arg>${valid_password}</arg>
<status status="PASS" start="2025-08-26T18:10:10.976325" elapsed="0.436860"/>
</kw>
<kw name="Verify HomePage Login" owner="loginpage">
<kw name="Location Should Be" owner="SeleniumLibrary">
<msg time="2025-08-26T18:10:11.418347" level="INFO">Current location is 'https://www.saucedemo.com/inventory.html'.</msg>
<arg>${inventory_page_url}</arg>
<doc>Verifies that the current URL is exactly ``url``.</doc>
<status status="PASS" start="2025-08-26T18:10:11.413837" elapsed="0.004896"/>
</kw>
<status status="PASS" start="2025-08-26T18:10:11.413472" elapsed="0.005472"/>
</kw>
<status status="PASS" start="2025-08-26T18:10:10.975636" elapsed="0.443430"/>
</kw>
<kw name="Add Multiple Items To Cart" owner="inventorypage">
<for flavor="IN">
<iter>
<kw name="Get From Dictionary" owner="Collections">
<msg time="2025-08-26T18:10:11.421127" level="INFO">${locator} = css:button#add-to-cart-sauce-labs-backpack</msg>
<var>${locator}</var>
<arg>${inventory_items}</arg>
<arg>${item}</arg>
<doc>Returns a value from the given ``dictionary`` based on the given ``key``.</doc>
<status status="PASS" start="2025-08-26T18:10:11.420682" elapsed="0.000524"/>
</kw>
<kw name="Click Button" owner="SeleniumLibrary">
<msg time="2025-08-26T18:10:11.421907" level="INFO">Clicking button 'css:button#add-to-cart-sauce-labs-backpack'.</msg>
<arg>${locator}</arg>
<doc>Clicks the button identified by ``locator``.</doc>
<status status="PASS" start="2025-08-26T18:10:11.421480" elapsed="0.095688"/>
</kw>
<var name="${item}">Sauce Labs Backpack</var>
<status status="PASS" start="2025-08-26T18:10:11.420451" elapsed="0.096819"/>
</iter>
<iter>
<kw name="Get From Dictionary" owner="Collections">
<msg time="2025-08-26T18:10:11.517929" level="INFO">${locator} = css:button#add-to-cart-sauce-labs-fleece-jacket</msg>
<var>${locator}</var>
<arg>${inventory_items}</arg>
<arg>${item}</arg>
<doc>Returns a value from the given ``dictionary`` based on the given ``key``.</doc>
<status status="PASS" start="2025-08-26T18:10:11.517656" elapsed="0.000312"/>
</kw>
<kw name="Click Button" owner="SeleniumLibrary">
<msg time="2025-08-26T18:10:11.518357" level="INFO">Clicking button 'css:button#add-to-cart-sauce-labs-fleece-jacket'.</msg>
<arg>${locator}</arg>
<doc>Clicks the button identified by ``locator``.</doc>
<status status="PASS" start="2025-08-26T18:10:11.518130" elapsed="0.126260"/>
</kw>
<var name="${item}">Sauce Labs Fleece Jacket</var>
<status status="PASS" start="2025-08-26T18:10:11.517477" elapsed="0.127011"/>
</iter>
<iter>
<kw name="Get From Dictionary" owner="Collections">
<msg time="2025-08-26T18:10:11.645102" level="INFO">${locator} = css:button#add-to-cart-sauce-labs-onesie</msg>
<var>${locator}</var>
<arg>${inventory_items}</arg>
<arg>${item}</arg>
<doc>Returns a value from the given ``dictionary`` based on the given ``key``.</doc>
<status status="PASS" start="2025-08-26T18:10:11.644826" elapsed="0.000316"/>
</kw>
<kw name="Click Button" owner="SeleniumLibrary">
<msg time="2025-08-26T18:10:11.645513" level="INFO">Clicking button 'css:button#add-to-cart-sauce-labs-onesie'.</msg>
<arg>${locator}</arg>
<doc>Clicks the button identified by ``locator``.</doc>
<status status="PASS" start="2025-08-26T18:10:11.645297" elapsed="0.078945"/>
</kw>
<var name="${item}">Sauce Labs Onesie</var>
<status status="PASS" start="2025-08-26T18:10:11.644663" elapsed="0.079698"/>
</iter>
<var>${item}</var>
<value>@{list}</value>
<status status="PASS" start="2025-08-26T18:10:11.420129" elapsed="0.304324"/>
</for>
<arg>${cart_list}</arg>
<status status="PASS" start="2025-08-26T18:10:11.419616" elapsed="0.305039"/>
</kw>
<kw name="Go To Cart" owner="inventorypage">
<kw name="Click Element" owner="SeleniumLibrary">
<msg time="2025-08-26T18:10:11.726166" level="INFO">Clicking element 'css:a.shopping_cart_link'.</msg>
<arg>${cart_button}</arg>
<doc>Click the element identified by ``locator``.</doc>
<status status="PASS" start="2025-08-26T18:10:11.725827" elapsed="0.082119"/>
</kw>
<kw name="Location Should Be" owner="SeleniumLibrary">
<msg time="2025-08-26T18:10:11.812127" level="INFO">Current location is 'https://www.saucedemo.com/cart.html'.</msg>
<arg>${cart_page_url}</arg>
<doc>Verifies that the current URL is exactly ``url``.</doc>
<status status="PASS" start="2025-08-26T18:10:11.808328" elapsed="0.003981"/>
</kw>
<status status="PASS" start="2025-08-26T18:10:11.725323" elapsed="0.087185"/>
</kw>
<kw name="Go To Checkout Details" owner="checkoutpage">
<kw name="Navigate To WebPage" owner="generic">
<kw name="Click Button" owner="SeleniumLibrary">
<msg time="2025-08-26T18:10:11.815120" level="INFO">Clicking button 'css:button#checkout'.</msg>
<arg>${location}</arg>
<doc>Clicks the button identified by ``locator``.</doc>
<status status="PASS" start="2025-08-26T18:10:11.814625" elapsed="0.107102"/>
</kw>
<kw name="Location Should Be" owner="SeleniumLibrary">
<msg time="2025-08-26T18:10:11.928378" level="INFO">Current location is 'https://www.saucedemo.com/checkout-step-one.html'.</msg>
<arg>${url}</arg>
<doc>Verifies that the current URL is exactly ``url``.</doc>
<status status="PASS" start="2025-08-26T18:10:11.922615" elapsed="0.006056"/>
</kw>
<arg>${checkout_button}</arg>
<arg>${checkout_page_url}[0]</arg>
<status status="PASS" start="2025-08-26T18:10:11.813848" elapsed="0.115166"/>
</kw>
<status status="PASS" start="2025-08-26T18:10:11.813231" elapsed="0.116203"/>
</kw>
<kw name="Add Checkout Details" owner="checkoutpage">
<kw name="Input Text" owner="SeleniumLibrary">
<msg time="2025-08-26T18:10:11.933678" level="INFO">Typing text 'Navin' into text field 'css:input#first-name'.</msg>
<arg>${firstname_input}</arg>
<arg>${first_name}</arg>
<doc>Types the given ``text`` into the text field identified by ``locator``.</doc>
<status status="PASS" start="2025-08-26T18:10:11.932155" elapsed="0.134168"/>
</kw>
<kw name="Input Text" owner="SeleniumLibrary">
<msg time="2025-08-26T18:10:12.067433" level="INFO">Typing text 'Kumar' into text field 'css:input#last-name'.</msg>
<arg>${lastname_input}</arg>
<arg>${last_name}</arg>
<doc>Types the given ``text`` into the text field identified by ``locator``.</doc>
<status status="PASS" start="2025-08-26T18:10:12.066788" elapsed="0.079372"/>
</kw>
<kw name="Input Text" owner="SeleniumLibrary">
<msg time="2025-08-26T18:10:12.146900" level="INFO">Typing text '607803' into text field 'css:input#postal-code'.</msg>
<arg>${postalcode_input}</arg>
<arg>${postal_code}</arg>
<doc>Types the given ``text`` into the text field identified by ``locator``.</doc>
<status status="PASS" start="2025-08-26T18:10:12.146456" elapsed="0.045523"/>
</kw>
<status status="PASS" start="2025-08-26T18:10:11.930751" elapsed="0.261411"/>
</kw>
<kw name="Go To Checkout Overview" owner="checkoutpage">
<kw name="Navigate To WebPage" owner="generic">
<kw name="Click Button" owner="SeleniumLibrary">
<msg time="2025-08-26T18:10:12.194378" level="INFO">Clicking button 'css:input#continue'.</msg>
<arg>${location}</arg>
<doc>Clicks the button identified by ``locator``.</doc>
<status status="PASS" start="2025-08-26T18:10:12.193977" elapsed="0.091997"/>
</kw>
<kw name="Location Should Be" owner="SeleniumLibrary">
<msg time="2025-08-26T18:10:12.290338" level="INFO">Current location is 'https://www.saucedemo.com/checkout-step-two.html'.</msg>
<arg>${url}</arg>
<doc>Verifies that the current URL is exactly ``url``.</doc>
<status status="PASS" start="2025-08-26T18:10:12.286410" elapsed="0.004104"/>
</kw>
<arg>${continue_button}</arg>
<arg>${checkout_page_url}[1]</arg>
<status status="PASS" start="2025-08-26T18:10:12.193282" elapsed="0.097492"/>
</kw>
<status status="PASS" start="2025-08-26T18:10:12.192772" elapsed="0.098209"/>
</kw>
<kw name="Complete Order" owner="checkoutpage">
<kw name="Navigate To WebPage" owner="generic">
<kw name="Click Button" owner="SeleniumLibrary">
<msg time="2025-08-26T18:10:12.293606" level="INFO">Clicking button 'css:button#finish'.</msg>
<arg>${location}</arg>
<doc>Clicks the button identified by ``locator``.</doc>
<status status="PASS" start="2025-08-26T18:10:12.293207" elapsed="0.101020"/>
</kw>
<kw name="Location Should Be" owner="SeleniumLibrary">
<msg time="2025-08-26T18:10:12.398965" level="INFO">Current location is 'https://www.saucedemo.com/checkout-complete.html'.</msg>
<arg>${url}</arg>
<doc>Verifies that the current URL is exactly ``url``.</doc>
<status status="PASS" start="2025-08-26T18:10:12.394932" elapsed="0.004217"/>
</kw>
<arg>${finish_button}</arg>
<arg>${checkout_complete_page_url}</arg>
<status status="PASS" start="2025-08-26T18:10:12.292486" elapsed="0.107080"/>
</kw>
<status status="PASS" start="2025-08-26T18:10:12.291763" elapsed="0.107968"/>
</kw>
<kw name="Verify Checkout Message" owner="checkoutpage">
<kw name="Verify Notification Message" owner="generic">
<kw name="Wait Until Element Is Visible" owner="SeleniumLibrary">
<arg>${element}</arg>
<doc>Waits until the element ``locator`` is visible.</doc>
<status status="PASS" start="2025-08-26T18:10:12.403334" elapsed="0.024029"/>
</kw>
<kw name="Page Should Contain" owner="SeleniumLibrary">
<msg time="2025-08-26T18:10:12.439125" level="INFO">Current page contains text 'Thank you for your order!'.</msg>
<arg>${notification_text}</arg>
<doc>Verifies that current page contains ``text``.</doc>
<status status="PASS" start="2025-08-26T18:10:12.427739" elapsed="0.011695"/>
</kw>
<arg>${checkout_element}</arg>
<arg>${checkout_message}[0]</arg>
<status status="PASS" start="2025-08-26T18:10:12.401331" elapsed="0.038413"/>
</kw>
<kw name="Page Should Contain" owner="SeleniumLibrary">
<msg time="2025-08-26T18:10:12.451760" level="INFO">Current page contains text 'Your order has been dispatched, and will arrive just as fast as the pony can get there!'.</msg>
<arg>${checkout_message}[1]</arg>
<doc>Verifies that current page contains ``text``.</doc>
<status status="PASS" start="2025-08-26T18:10:12.440229" elapsed="0.011797"/>
</kw>
<kw name="Click Button" owner="SeleniumLibrary">
<msg time="2025-08-26T18:10:12.453144" level="INFO">Clicking button 'css:button#back-to-products'.</msg>
<arg>${home_button}</arg>
<doc>Clicks the button identified by ``locator``.</doc>
<status status="PASS" start="2025-08-26T18:10:12.452514" elapsed="0.109545"/>
</kw>
<status status="PASS" start="2025-08-26T18:10:12.400514" elapsed="0.161808"/>
</kw>
<kw name="Close The Browser" owner="generic" type="TEARDOWN">
<kw name="Close Browser" owner="SeleniumLibrary">
<doc>Closes the current browser.</doc>
<status status="PASS" start="2025-08-26T18:10:12.564232" elapsed="3.113863"/>
</kw>
<status status="PASS" start="2025-08-26T18:10:12.563529" elapsed="3.115032"/>
</kw>
<status status="PASS" start="2025-08-26T18:10:04.017070" elapsed="11.662292"/>
</test>
<doc>Test cases for the checkout page of the SauceDemo website.</doc>
<status status="PASS" start="2025-08-26T18:09:19.486442" elapsed="56.196846"/>
</suite>
<statistics>
<total>
<stat pass="5" fail="0" skip="0">All Tests</stat>
</total>
<tag>
</tag>
<suite>
<stat name="Saucedemo" id="s1" pass="5" fail="0" skip="0">Saucedemo</stat>
</suite>
</statistics>
<errors>
</errors>
</robot>
