<?xml version="1.0" encoding="UTF-8"?>
<robot generator="Robot 7.3.2 (Python 3.13.2 on win32)" generated="2025-08-26T18:11:13.194995" rpa="false" schemaversion="5">
<suite id="s1" name="Saucedemo" source="C:\Users\Navin Kumar\Desktop\Project 4\Task20_RobotFrameWork\TestCodes\saucedemo.robot">
<test id="s1-t1" name="Validate Successful Login" line="30">
<kw name="Open Webpage URL" owner="generic" type="SETUP">
<kw name="Create Webdriver" owner="SeleniumLibrary">
<msg time="2025-08-26T18:11:13.545386" level="INFO">Creating an instance of the Firefox WebDriver.</msg>
<arg>${browser}</arg>
<doc>Creates an instance of Selenium WebDriver.</doc>
<status status="PASS" start="2025-08-26T18:11:13.544688" elapsed="6.283004"/>
</kw>
<kw name="Maximize Browser Window" owner="SeleniumLibrary">
<doc>Maximizes current browser window.</doc>
<status status="PASS" start="2025-08-26T18:11:19.828167" elapsed="0.008120"/>
</kw>
<kw name="Go To" owner="SeleniumLibrary">
<msg time="2025-08-26T18:11:19.837013" level="INFO">Opening url 'https://www.saucedemo.com/'</msg>
<arg>${url}</arg>
<doc>Navigates the current browser window to the provided ``url``.</doc>
<status status="PASS" start="2025-08-26T18:11:19.836653" elapsed="0.856646"/>
</kw>
<arg>${browser_name}</arg>
<arg>${webpage_url}</arg>
<status status="PASS" start="2025-08-26T18:11:13.542251" elapsed="7.151222"/>
</kw>
<kw name="Enter User Credentials And Login" owner="loginpage">
<kw name="Page Should Contain" owner="SeleniumLibrary">
<msg time="2025-08-26T18:11:20.744858" level="INFO">Current page contains text 'Swag Labs'.</msg>
<arg>${logo_text}</arg>
<doc>Verifies that current page contains ``text``.</doc>
<status status="PASS" start="2025-08-26T18:11:20.694719" elapsed="0.050307"/>
</kw>
<kw name="Input Text" owner="SeleniumLibrary">
<msg time="2025-08-26T18:11:20.747242" level="INFO">Typing text 'standard_user' into text field 'css:#user-name'.</msg>
<arg>${email_input}</arg>
<arg>${username}</arg>
<doc>Types the given ``text`` into the text field identified by ``locator``.</doc>
<status status="PASS" start="2025-08-26T18:11:20.745807" elapsed="0.132141"/>
</kw>
<kw name="Input Password" owner="SeleniumLibrary">
<msg time="2025-08-26T18:11:20.878714" level="INFO">Typing password into text field 'css:#password'.</msg>
<msg time="2025-08-26T18:11:20.891561" level="INFO">Temporally setting log level to: NONE</msg>
<arg>${password_input}</arg>
<arg>${password}</arg>
<doc>Types the given password into the text field identified by ``locator``.</doc>
<status status="PASS" start="2025-08-26T18:11:20.878183" elapsed="0.076208"/>
</kw>
<kw name="Click Button" owner="SeleniumLibrary">
<msg time="2025-08-26T18:11:20.955458" level="INFO">Clicking button 'id:login-button'.</msg>
<arg>${login_button}</arg>
<doc>Clicks the button identified by ``locator``.</doc>
<status status="PASS" start="2025-08-26T18:11:20.954893" elapsed="0.237756"/>
</kw>
<arg>${valid_username}</arg>
<arg>${valid_password}</arg>
<status status="PASS" start="2025-08-26T18:11:20.694087" elapsed="0.498805"/>
</kw>
<kw name="Verify HomePage Login" owner="loginpage">
<kw name="Location Should Be" owner="SeleniumLibrary">
<msg time="2025-08-26T18:11:21.199938" level="INFO">Current location is 'https://www.saucedemo.com/inventory.html'.</msg>
<arg>${inventory_page_url}</arg>
<doc>Verifies that the current URL is exactly ``url``.</doc>
<status status="PASS" start="2025-08-26T18:11:21.194993" elapsed="0.005162"/>
</kw>
<status status="PASS" start="2025-08-26T18:11:21.194359" elapsed="0.006030"/>
</kw>
<kw name="Close The Browser" owner="generic" type="TEARDOWN">
<kw name="Close Browser" owner="SeleniumLibrary">
<doc>Closes the current browser.</doc>
<status status="PASS" start="2025-08-26T18:11:21.201850" elapsed="3.174140"/>
</kw>
<status status="PASS" start="2025-08-26T18:11:21.201190" elapsed="3.175238"/>
</kw>
<status status="PASS" start="2025-08-26T18:11:13.540510" elapsed="10.836653"/>
</test>
<test id="s1-t2" name="Validate the Invalid Login Error Message" line="38">
<kw name="Open Webpage URL" owner="generic" type="SETUP">
<kw name="Create Webdriver" owner="SeleniumLibrary">
<msg time="2025-08-26T18:11:24.384456" level="INFO">Creating an instance of the Firefox WebDriver.</msg>
<arg>${browser}</arg>
<doc>Creates an instance of Selenium WebDriver.</doc>
<status status="PASS" start="2025-08-26T18:11:24.383827" elapsed="6.322233"/>
</kw>
<kw name="Maximize Browser Window" owner="SeleniumLibrary">
<doc>Maximizes current browser window.</doc>
<status status="PASS" start="2025-08-26T18:11:30.706393" elapsed="0.004308"/>
</kw>
<kw name="Go To" owner="SeleniumLibrary">
<msg time="2025-08-26T18:11:30.711264" level="INFO">Opening url 'https://www.saucedemo.com/'</msg>
<arg>${url}</arg>
<doc>Navigates the current browser window to the provided ``url``.</doc>
<status status="PASS" start="2025-08-26T18:11:30.710987" elapsed="0.709964"/>
</kw>
<arg>${browser_name}</arg>
<arg>${webpage_url}</arg>
<status status="PASS" start="2025-08-26T18:11:24.382198" elapsed="7.039759"/>
</kw>
<kw name="Enter User Credentials And Login" owner="loginpage">
<kw name="Page Should Contain" owner="SeleniumLibrary">
<msg time="2025-08-26T18:11:31.463573" level="INFO">Current page contains text 'Swag Labs'.</msg>
<arg>${logo_text}</arg>
<doc>Verifies that current page contains ``text``.</doc>
<status status="PASS" start="2025-08-26T18:11:31.425385" elapsed="0.038311"/>
</kw>
<kw name="Input Text" owner="SeleniumLibrary">
<msg time="2025-08-26T18:11:31.464932" level="INFO">Typing text 'invalid_user' into text field 'css:#user-name'.</msg>
<arg>${email_input}</arg>
<arg>${username}</arg>
<doc>Types the given ``text`` into the text field identified by ``locator``.</doc>
<status status="PASS" start="2025-08-26T18:11:31.464218" elapsed="0.125374"/>
</kw>
<kw name="Input Password" owner="SeleniumLibrary">
<msg time="2025-08-26T18:11:31.590222" level="INFO">Typing password into text field 'css:#password'.</msg>
<msg time="2025-08-26T18:11:31.597998" level="INFO">Temporally setting log level to: NONE</msg>
<arg>${password_input}</arg>
<arg>${password}</arg>
<doc>Types the given password into the text field identified by ``locator``.</doc>
<status status="PASS" start="2025-08-26T18:11:31.589840" elapsed="0.069234"/>
</kw>
<kw name="Click Button" owner="SeleniumLibrary">
<msg time="2025-08-26T18:11:31.659746" level="INFO">Clicking button 'id:login-button'.</msg>
<arg>${login_button}</arg>
<doc>Clicks the button identified by ``locator``.</doc>
<status status="PASS" start="2025-08-26T18:11:31.659396" elapsed="0.117313"/>
</kw>
<arg>${invalid_username}</arg>
<arg>${invalid_password}</arg>
<status status="PASS" start="2025-08-26T18:11:31.424140" elapsed="0.353013"/>
</kw>
<kw name="Verify Notification Message" owner="generic">
<kw name="Wait Until Element Is Visible" owner="SeleniumLibrary">
<arg>${element}</arg>
<doc>Waits until the element ``locator`` is visible.</doc>
<status status="PASS" start="2025-08-26T18:11:31.781432" elapsed="0.046285"/>
</kw>
<kw name="Page Should Contain" owner="SeleniumLibrary">
<msg time="2025-08-26T18:11:31.838058" level="INFO">Current page contains text 'Epic sadface: Username and password do not match any user in this service'.</msg>
<arg>${notification_text}</arg>
<doc>Verifies that current page contains ``text``.</doc>
<status status="PASS" start="2025-08-26T18:11:31.828105" elapsed="0.010087"/>
</kw>
<arg>${login_error_element}</arg>
<arg>${invalid_login_error_message}</arg>
<status status="PASS" start="2025-08-26T18:11:31.779961" elapsed="0.058372"/>
</kw>
<kw name="Close The Browser" owner="generic" type="TEARDOWN">
<kw name="Close Browser" owner="SeleniumLibrary">
<doc>Closes the current browser.</doc>
<status status="PASS" start="2025-08-26T18:11:31.839441" elapsed="3.255649"/>
</kw>
<status status="PASS" start="2025-08-26T18:11:31.839012" elapsed="3.256475"/>
</kw>
<status status="PASS" start="2025-08-26T18:11:24.380170" elapsed="10.716037"/>
</test>
<test id="s1-t3" name="Validate Add Item To Cart" line="43">
<kw name="Open Webpage URL" owner="generic" type="SETUP">
<kw name="Create Webdriver" owner="SeleniumLibrary">
<msg time="2025-08-26T18:11:35.103229" level="INFO">Creating an instance of the Firefox WebDriver.</msg>
<arg>${browser}</arg>
<doc>Creates an instance of Selenium WebDriver.</doc>
<status status="PASS" start="2025-08-26T18:11:35.102624" elapsed="6.425667"/>
</kw>
<kw name="Maximize Browser Window" owner="SeleniumLibrary">
<doc>Maximizes current browser window.</doc>
<status status="PASS" start="2025-08-26T18:11:41.528561" elapsed="0.002972"/>
</kw>
<kw name="Go To" owner="SeleniumLibrary">
<msg time="2025-08-26T18:11:41.532121" level="INFO">Opening url 'https://www.saucedemo.com/'</msg>
<arg>${url}</arg>
<doc>Navigates the current browser window to the provided ``url``.</doc>
<status status="PASS" start="2025-08-26T18:11:41.531745" elapsed="0.830443"/>
</kw>
<arg>${browser_name}</arg>
<arg>${webpage_url}</arg>
<status status="PASS" start="2025-08-26T18:11:35.101221" elapsed="7.261413"/>
</kw>
<kw name="Login Into The Webpage" owner="loginpage">
<kw name="Enter User Credentials And Login" owner="loginpage">
<kw name="Page Should Contain" owner="SeleniumLibrary">
<msg time="2025-08-26T18:11:42.417185" level="INFO">Current page contains text 'Swag Labs'.</msg>
<arg>${logo_text}</arg>
<doc>Verifies that current page contains ``text``.</doc>
<status status="PASS" start="2025-08-26T18:11:42.365084" elapsed="0.052385"/>
</kw>
<kw name="Input Text" owner="SeleniumLibrary">
<msg time="2025-08-26T18:11:42.420064" level="INFO">Typing text 'standard_user' into text field 'css:#user-name'.</msg>
<arg>${email_input}</arg>
<arg>${username}</arg>
<doc>Types the given ``text`` into the text field identified by ``locator``.</doc>
<status status="PASS" start="2025-08-26T18:11:42.418412" elapsed="0.141845"/>
</kw>
<kw name="Input Password" owner="SeleniumLibrary">
<msg time="2025-08-26T18:11:42.560986" level="INFO">Typing password into text field 'css:#password'.</msg>
<msg time="2025-08-26T18:11:42.574868" level="INFO">Temporally setting log level to: NONE</msg>
<arg>${password_input}</arg>
<arg>${password}</arg>
<doc>Types the given password into the text field identified by ``locator``.</doc>
<status status="PASS" start="2025-08-26T18:11:42.560520" elapsed="0.104219"/>
</kw>
<kw name="Click Button" owner="SeleniumLibrary">
<msg time="2025-08-26T18:11:42.665675" level="INFO">Clicking button 'id:login-button'.</msg>
<arg>${login_button}</arg>
<doc>Clicks the button identified by ``locator``.</doc>
<status status="PASS" start="2025-08-26T18:11:42.665084" elapsed="0.229222"/>
</kw>
<arg>${valid_username}</arg>
<arg>${valid_password}</arg>
<status status="PASS" start="2025-08-26T18:11:42.364295" elapsed="0.530266"/>
</kw>
<kw name="Verify HomePage Login" owner="loginpage">
<kw name="Location Should Be" owner="SeleniumLibrary">
<msg time="2025-08-26T18:11:42.900605" level="INFO">Current location is 'https://www.saucedemo.com/inventory.html'.</msg>
<arg>${inventory_page_url}</arg>
<doc>Verifies that the current URL is exactly ``url``.</doc>
<status status="PASS" start="2025-08-26T18:11:42.895540" elapsed="0.005333"/>
</kw>
<status status="PASS" start="2025-08-26T18:11:42.894943" elapsed="0.006186"/>
</kw>
<status status="PASS" start="2025-08-26T18:11:42.363452" elapsed="0.537872"/>
</kw>
<kw name="Add Items To Cart" owner="inventorypage">
<for flavor="IN">
<iter>
<kw name="Get From Dictionary" owner="Collections">
<msg time="2025-08-26T18:11:42.904266" level="INFO">${locator} = css:button#add-to-cart-sauce-labs-backpack</msg>
<var>${locator}</var>
<arg>${inventory_items}</arg>
<arg>${item}</arg>
<doc>Returns a value from the given ``dictionary`` based on the given ``key``.</doc>
<status status="PASS" start="2025-08-26T18:11:42.903618" elapsed="0.000792"/>
</kw>
<kw name="Click Button" owner="SeleniumLibrary">
<msg time="2025-08-26T18:11:42.905439" level="INFO">Clicking button 'css:button#add-to-cart-sauce-labs-backpack'.</msg>
<arg>${locator}</arg>
<doc>Clicks the button identified by ``locator``.</doc>
<status status="PASS" start="2025-08-26T18:11:42.904854" elapsed="0.127363"/>
</kw>
<var name="${item}">Sauce Labs Backpack</var>
<status status="PASS" start="2025-08-26T18:11:42.903240" elapsed="0.129356"/>
</iter>
<var>${item}</var>
<value>@{list}</value>
<status status="PASS" start="2025-08-26T18:11:42.902733" elapsed="0.130157"/>
</for>
<arg>${cart_one_item}</arg>
<status status="PASS" start="2025-08-26T18:11:42.902069" elapsed="0.131650"/>
</kw>
<kw name="Go To Cart" owner="inventorypage">
<kw name="Click Element" owner="SeleniumLibrary">
<msg time="2025-08-26T18:11:43.038095" level="INFO">Clicking element 'css:a.shopping_cart_link'.</msg>
<arg>${cart_button}</arg>
<doc>Click the element identified by ``locator``.</doc>
<status status="PASS" start="2025-08-26T18:11:43.037017" elapsed="0.116127"/>
</kw>
<kw name="Location Should Be" owner="SeleniumLibrary">
<msg time="2025-08-26T18:11:43.161013" level="INFO">Current location is 'https://www.saucedemo.com/cart.html'.</msg>
<arg>${cart_page_url}</arg>
<doc>Verifies that the current URL is exactly ``url``.</doc>
<status status="PASS" start="2025-08-26T18:11:43.154247" elapsed="0.007097"/>
</kw>
<status status="PASS" start="2025-08-26T18:11:43.035756" elapsed="0.126045"/>
</kw>
<kw name="Verify Items In Cart" owner="cartpage">
<kw name="Collect List Of Elements" owner="inventorypage">
<kw name="Get WebElements" owner="SeleniumLibrary">
<msg time="2025-08-26T18:11:43.177887" level="INFO">@{elements} = [ &lt;selenium.webdriver.remote.webelement.WebElement (session="837aa72c-7925-4c25-8152-eedba83f78f7", element="29d857eb-d5c3-4736-b6a6-ff720e65b6c8")&gt; ]</msg>
<var>@{elements}</var>
<arg>${itemList_locator}</arg>
<doc>Returns a list of WebElement objects matching the ``locator``.</doc>
<status status="PASS" start="2025-08-26T18:11:43.166238" elapsed="0.011828"/>
</kw>
<kw name="Create List" owner="BuiltIn">
<msg time="2025-08-26T18:11:43.179250" level="INFO">${list} = []</msg>
<var>${list}</var>
<doc>Returns a list containing given items.</doc>
<status status="PASS" start="2025-08-26T18:11:43.178631" elapsed="0.000746"/>
</kw>
<for flavor="IN">
<iter>
<kw name="Get Text" owner="SeleniumLibrary">
<msg time="2025-08-26T18:11:43.213865" level="INFO">${text} = Sauce Labs Backpack</msg>
<var>${text}</var>
<arg>${element}</arg>
<doc>Returns the text value of the element identified by ``locator``.</doc>
<status status="PASS" start="2025-08-26T18:11:43.180852" elapsed="0.033328"/>
</kw>
<kw name="Log" owner="BuiltIn">
<msg time="2025-08-26T18:11:43.216211" level="INFO">Sauce Labs Backpack</msg>
<arg>${text}</arg>
<doc>Logs the given message with the given level.</doc>
<status status="PASS" start="2025-08-26T18:11:43.215094" elapsed="0.001847"/>
</kw>
<kw name="Append To List" owner="Collections">
<arg>${list}</arg>
<arg>${text}</arg>
<doc>Adds ``values`` to the end of ``list``.</doc>
<status status="PASS" start="2025-08-26T18:11:43.217997" elapsed="0.001380"/>
</kw>
<var name="${element}">&lt;selenium.webdriver.remote.webelement.WebElement (session="837aa72c-7925-4c25-8152-eedba83f78f7", element="29d857eb-d5c3-4736-b6a6-ff720e65b6c8")&gt;</var>
<status status="PASS" start="2025-08-26T18:11:43.180401" elapsed="0.039483"/>
</iter>
<var>${element}</var>
<value>@{elements}</value>
<status status="PASS" start="2025-08-26T18:11:43.179658" elapsed="0.040649"/>
</for>
<return>
<value>${list}</value>
<status status="PASS" start="2025-08-26T18:11:43.220944" elapsed="0.000432"/>
</return>
<msg time="2025-08-26T18:11:43.222372" level="INFO">${current_items} = ['Sauce Labs Backpack']</msg>
<var>${current_items}</var>
<status status="PASS" start="2025-08-26T18:11:43.165107" elapsed="0.057512"/>
</kw>
<kw name="Lists Should Be Equal" owner="Collections">
<arg>${list}</arg>
<arg>${current_items}</arg>
<doc>Fails if given lists are unequal.</doc>
<status status="PASS" start="2025-08-26T18:11:43.223606" elapsed="0.001561"/>
</kw>
<arg>${cart_one_item}</arg>
<status status="PASS" start="2025-08-26T18:11:43.163291" elapsed="0.062521"/>
</kw>
<kw name="Close The Browser" owner="generic" type="TEARDOWN">
<kw name="Close Browser" owner="SeleniumLibrary">
<doc>Closes the current browser.</doc>
<status status="PASS" start="2025-08-26T18:11:43.229895" elapsed="3.261279"/>
</kw>
<status status="PASS" start="2025-08-26T18:11:43.228216" elapsed="3.263406"/>
</kw>
<status status="PASS" start="2025-08-26T18:11:35.099056" elapsed="11.393355"/>
</test>
<test id="s1-t4" name="Validate Add Multiple Items To Cart" line="55">
<kw name="Open Webpage URL" owner="generic" type="SETUP">
<kw name="Create Webdriver" owner="SeleniumLibrary">
<msg time="2025-08-26T18:11:46.499446" level="INFO">Creating an instance of the Firefox WebDriver.</msg>
<arg>${browser}</arg>
<doc>Creates an instance of Selenium WebDriver.</doc>
<status status="PASS" start="2025-08-26T18:11:46.498814" elapsed="6.197052"/>
</kw>
<kw name="Maximize Browser Window" owner="SeleniumLibrary">
<doc>Maximizes current browser window.</doc>
<status status="PASS" start="2025-08-26T18:11:52.696226" elapsed="0.037644"/>
</kw>
<kw name="Go To" owner="SeleniumLibrary">
<msg time="2025-08-26T18:11:52.734609" level="INFO">Opening url 'https://www.saucedemo.com/'</msg>
<arg>${url}</arg>
<doc>Navigates the current browser window to the provided ``url``.</doc>
<status status="PASS" start="2025-08-26T18:11:52.734213" elapsed="0.831682"/>
</kw>
<arg>${browser_name}</arg>
<arg>${webpage_url}</arg>
<status status="PASS" start="2025-08-26T18:11:46.497381" elapsed="7.068674"/>
</kw>
<kw name="Login Into The Webpage" owner="loginpage">
<kw name="Enter User Credentials And Login" owner="loginpage">
<kw name="Page Should Contain" owner="SeleniumLibrary">
<msg time="2025-08-26T18:11:53.651231" level="INFO">Current page contains text 'Swag Labs'.</msg>
<arg>${logo_text}</arg>
<doc>Verifies that current page contains ``text``.</doc>
<status status="PASS" start="2025-08-26T18:11:53.567703" elapsed="0.083650"/>
</kw>
<kw name="Input Text" owner="SeleniumLibrary">
<msg time="2025-08-26T18:11:53.652516" level="INFO">Typing text 'standard_user' into text field 'css:#user-name'.</msg>
<arg>${email_input}</arg>
<arg>${username}</arg>
<doc>Types the given ``text`` into the text field identified by ``locator``.</doc>
<status status="PASS" start="2025-08-26T18:11:53.651596" elapsed="0.144239"/>
</kw>
<kw name="Input Password" owner="SeleniumLibrary">
<msg time="2025-08-26T18:11:53.796451" level="INFO">Typing password into text field 'css:#password'.</msg>
<msg time="2025-08-26T18:11:53.804716" level="INFO">Temporally setting log level to: NONE</msg>
<arg>${password_input}</arg>
<arg>${password}</arg>
<doc>Types the given password into the text field identified by ``locator``.</doc>
<status status="PASS" start="2025-08-26T18:11:53.796097" elapsed="0.041719"/>
</kw>
<kw name="Click Button" owner="SeleniumLibrary">
<msg time="2025-08-26T18:11:53.839653" level="INFO">Clicking button 'id:login-button'.</msg>
<arg>${login_button}</arg>
<doc>Clicks the button identified by ``locator``.</doc>
<status status="PASS" start="2025-08-26T18:11:53.839050" elapsed="0.181265"/>
</kw>
<arg>${valid_username}</arg>
<arg>${valid_password}</arg>
<status status="PASS" start="2025-08-26T18:11:53.567012" elapsed="0.453531"/>
</kw>
<kw name="Verify HomePage Login" owner="loginpage">
<kw name="Location Should Be" owner="SeleniumLibrary">
<msg time="2025-08-26T18:11:54.024842" level="INFO">Current location is 'https://www.saucedemo.com/inventory.html'.</msg>
<arg>${inventory_page_url}</arg>
<doc>Verifies that the current URL is exactly ``url``.</doc>
<status status="PASS" start="2025-08-26T18:11:54.021810" elapsed="0.003203"/>
</kw>
<status status="PASS" start="2025-08-26T18:11:54.020907" elapsed="0.004304"/>
</kw>
<status status="PASS" start="2025-08-26T18:11:53.566534" elapsed="0.458799"/>
</kw>
<kw name="Add Multiple Items To Cart" owner="inventorypage">
<for flavor="IN">
<iter>
<kw name="Get From Dictionary" owner="Collections">
<msg time="2025-08-26T18:11:54.027145" level="INFO">${locator} = css:button#add-to-cart-sauce-labs-backpack</msg>
<var>${locator}</var>
<arg>${inventory_items}</arg>
<arg>${item}</arg>
<doc>Returns a value from the given ``dictionary`` based on the given ``key``.</doc>
<status status="PASS" start="2025-08-26T18:11:54.026757" elapsed="0.000445"/>
</kw>
<kw name="Click Button" owner="SeleniumLibrary">
<msg time="2025-08-26T18:11:54.027724" level="INFO">Clicking button 'css:button#add-to-cart-sauce-labs-backpack'.</msg>
<arg>${locator}</arg>
<doc>Clicks the button identified by ``locator``.</doc>
<status status="PASS" start="2025-08-26T18:11:54.027407" elapsed="0.085294"/>
</kw>
<var name="${item}">Sauce Labs Backpack</var>
<status status="PASS" start="2025-08-26T18:11:54.026563" elapsed="0.086232"/>
</iter>
<iter>
<kw name="Get From Dictionary" owner="Collections">
<msg time="2025-08-26T18:11:54.113560" level="INFO">${locator} = css:button#add-to-cart-sauce-labs-fleece-jacket</msg>
<var>${locator}</var>
<arg>${inventory_items}</arg>
<arg>${item}</arg>
<doc>Returns a value from the given ``dictionary`` based on the given ``key``.</doc>
<status status="PASS" start="2025-08-26T18:11:54.113179" elapsed="0.000424"/>
</kw>
<kw name="Click Button" owner="SeleniumLibrary">
<msg time="2025-08-26T18:11:54.113991" level="INFO">Clicking button 'css:button#add-to-cart-sauce-labs-fleece-jacket'.</msg>
<arg>${locator}</arg>
<doc>Clicks the button identified by ``locator``.</doc>
<status status="PASS" start="2025-08-26T18:11:54.113763" elapsed="0.105824"/>
</kw>
<var name="${item}">Sauce Labs Fleece Jacket</var>
<status status="PASS" start="2025-08-26T18:11:54.112953" elapsed="0.106733"/>
</iter>
<iter>
<kw name="Get From Dictionary" owner="Collections">
<msg time="2025-08-26T18:11:54.220260" level="INFO">${locator} = css:button#add-to-cart-sauce-labs-onesie</msg>
<var>${locator}</var>
<arg>${inventory_items}</arg>
<arg>${item}</arg>
<doc>Returns a value from the given ``dictionary`` based on the given ``key``.</doc>
<status status="PASS" start="2025-08-26T18:11:54.220000" elapsed="0.000307"/>
</kw>
<kw name="Click Button" owner="SeleniumLibrary">
<msg time="2025-08-26T18:11:54.220666" level="INFO">Clicking button 'css:button#add-to-cart-sauce-labs-onesie'.</msg>
<arg>${locator}</arg>
<doc>Clicks the button identified by ``locator``.</doc>
<status status="PASS" start="2025-08-26T18:11:54.220454" elapsed="0.087888"/>
</kw>
<var name="${item}">Sauce Labs Onesie</var>
<status status="PASS" start="2025-08-26T18:11:54.219852" elapsed="0.088657"/>
</iter>
<var>${item}</var>
<value>@{list}</value>
<status status="PASS" start="2025-08-26T18:11:54.026320" elapsed="0.282345"/>
</for>
<arg>${cart_list}</arg>
<status status="PASS" start="2025-08-26T18:11:54.025873" elapsed="0.283000"/>
</kw>
<kw name="Go To Cart" owner="inventorypage">
<kw name="Click Element" owner="SeleniumLibrary">
<msg time="2025-08-26T18:11:54.310683" level="INFO">Clicking element 'css:a.shopping_cart_link'.</msg>
<arg>${cart_button}</arg>
<doc>Click the element identified by ``locator``.</doc>
<status status="PASS" start="2025-08-26T18:11:54.310198" elapsed="0.088014"/>
</kw>
<kw name="Location Should Be" owner="SeleniumLibrary">
<msg time="2025-08-26T18:11:54.402404" level="INFO">Current location is 'https://www.saucedemo.com/cart.html'.</msg>
<arg>${cart_page_url}</arg>
<doc>Verifies that the current URL is exactly ``url``.</doc>
<status status="PASS" start="2025-08-26T18:11:54.398598" elapsed="0.004090"/>
</kw>
<status status="PASS" start="2025-08-26T18:11:54.309573" elapsed="0.093381"/>
</kw>
<kw name="Verify Items In Cart" owner="cartpage">
<kw name="Collect List Of Elements" owner="inventorypage">
<kw name="Get WebElements" owner="SeleniumLibrary">
<msg time="2025-08-26T18:11:54.413998" level="INFO">@{elements} = [ &lt;selenium.webdriver.remote.webelement.WebElement (session="4aa8997c-d883-4e66-a21f-5cf86f8122a1", element="2ff4c42d-5def-464a-a41e-f4a8af1f1494")&gt; | &lt;selenium.webdriver.remote.webelement.WebElement ...</msg>
<var>@{elements}</var>
<arg>${itemList_locator}</arg>
<doc>Returns a list of WebElement objects matching the ``locator``.</doc>
<status status="PASS" start="2025-08-26T18:11:54.406391" elapsed="0.007736"/>
</kw>
<kw name="Create List" owner="BuiltIn">
<msg time="2025-08-26T18:11:54.414944" level="INFO">${list} = []</msg>
<var>${list}</var>
<doc>Returns a list containing given items.</doc>
<status status="PASS" start="2025-08-26T18:11:54.414604" elapsed="0.000411"/>
</kw>
<for flavor="IN">
<iter>
<kw name="Get Text" owner="SeleniumLibrary">
<msg time="2025-08-26T18:11:54.431866" level="INFO">${text} = Sauce Labs Backpack</msg>
<var>${text}</var>
<arg>${element}</arg>
<doc>Returns the text value of the element identified by ``locator``.</doc>
<status status="PASS" start="2025-08-26T18:11:54.415773" elapsed="0.016216"/>
</kw>
<kw name="Log" owner="BuiltIn">
<msg time="2025-08-26T18:11:54.433405" level="INFO">Sauce Labs Backpack</msg>
<arg>${text}</arg>
<doc>Logs the given message with the given level.</doc>
<status status="PASS" start="2025-08-26T18:11:54.432629" elapsed="0.001095"/>
</kw>
<kw name="Append To List" owner="Collections">
<arg>${list}</arg>
<arg>${text}</arg>
<doc>Adds ``values`` to the end of ``list``.</doc>
<status status="PASS" start="2025-08-26T18:11:54.434285" elapsed="0.000647"/>
</kw>
<var name="${element}">&lt;selenium.webdriver.remote.webelement.WebElement (session="4aa8997c-d883-4e66-a21f-5cf86f8122a1", element="2ff4c42d-5def-464a-a41e-f4a8af1f1494")&gt;</var>
<status status="PASS" start="2025-08-26T18:11:54.415536" elapsed="0.019557"/>
</iter>
<iter>
<kw name="Get Text" owner="SeleniumLibrary">
<msg time="2025-08-26T18:11:54.451857" level="INFO">${text} = Sauce Labs Fleece Jacket</msg>
<var>${text}</var>
<arg>${element}</arg>
<doc>Returns the text value of the element identified by ``locator``.</doc>
<status status="PASS" start="2025-08-26T18:11:54.436202" elapsed="0.015790"/>
</kw>
<kw name="Log" owner="BuiltIn">
<msg time="2025-08-26T18:11:54.452776" level="INFO">Sauce Labs Fleece Jacket</msg>
<arg>${text}</arg>
<doc>Logs the given message with the given level.</doc>
<status status="PASS" start="2025-08-26T18:11:54.452406" elapsed="0.000504"/>
</kw>
<kw name="Append To List" owner="Collections">
<arg>${list}</arg>
<arg>${text}</arg>
<doc>Adds ``values`` to the end of ``list``.</doc>
<status status="PASS" start="2025-08-26T18:11:54.453205" elapsed="0.000485"/>
</kw>
<var name="${element}">&lt;selenium.webdriver.remote.webelement.WebElement (session="4aa8997c-d883-4e66-a21f-5cf86f8122a1", element="8a45f8cd-9f01-45a1-92b0-d67069b7848b")&gt;</var>
<status status="PASS" start="2025-08-26T18:11:54.435692" elapsed="0.018202"/>
</iter>
<iter>
<kw name="Get Text" owner="SeleniumLibrary">
<msg time="2025-08-26T18:11:54.469127" level="INFO">${text} = Sauce Labs Onesie</msg>
<var>${text}</var>
<arg>${element}</arg>
<doc>Returns the text value of the element identified by ``locator``.</doc>
<status status="PASS" start="2025-08-26T18:11:54.454681" elapsed="0.014600"/>
</kw>
<kw name="Log" owner="BuiltIn">
<msg time="2025-08-26T18:11:54.470126" level="INFO">Sauce Labs Onesie</msg>
<arg>${text}</arg>
<doc>Logs the given message with the given level.</doc>
<status status="PASS" start="2025-08-26T18:11:54.469763" elapsed="0.000481"/>
</kw>
<kw name="Append To List" owner="Collections">
<arg>${list}</arg>
<arg>${text}</arg>
<doc>Adds ``values`` to the end of ``list``.</doc>
<status status="PASS" start="2025-08-26T18:11:54.470518" elapsed="0.000381"/>
</kw>
<var name="${element}">&lt;selenium.webdriver.remote.webelement.WebElement (session="4aa8997c-d883-4e66-a21f-5cf86f8122a1", element="495018f8-1eab-48c3-ac8d-eedbe245bcdb")&gt;</var>
<status status="PASS" start="2025-08-26T18:11:54.454353" elapsed="0.016666"/>
</iter>
<var>${element}</var>
<value>@{elements}</value>
<status status="PASS" start="2025-08-26T18:11:54.415166" elapsed="0.055979"/>
</for>
<return>
<value>${list}</value>
<status status="PASS" start="2025-08-26T18:11:54.471303" elapsed="0.000117"/>
</return>
<msg time="2025-08-26T18:11:54.471764" level="INFO">${current_items} = ['Sauce Labs Backpack', 'Sauce Labs Fleece Jacket', 'Sauce Labs Onesie']</msg>
<var>${current_items}</var>
<status status="PASS" start="2025-08-26T18:11:54.405690" elapsed="0.066145"/>
</kw>
<kw name="Lists Should Be Equal" owner="Collections">
<arg>${list}</arg>
<arg>${current_items}</arg>
<doc>Fails if given lists are unequal.</doc>
<status status="PASS" start="2025-08-26T18:11:54.472113" elapsed="0.000429"/>
</kw>
<arg>${cart_list}</arg>
<status status="PASS" start="2025-08-26T18:11:54.403757" elapsed="0.068960"/>
</kw>
<kw name="Close The Browser" owner="generic" type="TEARDOWN">
<kw name="Close Browser" owner="SeleniumLibrary">
<doc>Closes the current browser.</doc>
<status status="PASS" start="2025-08-26T18:11:54.474190" elapsed="3.103362"/>
</kw>
<status status="PASS" start="2025-08-26T18:11:54.473595" elapsed="3.104434"/>
</kw>
<status status="PASS" start="2025-08-26T18:11:46.495417" elapsed="11.083519"/>
</test>
<test id="s1-t5" name="Validate Checkout Of Products" line="67">
<kw name="Open Webpage URL" owner="generic" type="SETUP">
<kw name="Create Webdriver" owner="SeleniumLibrary">
<msg time="2025-08-26T18:11:57.585107" level="INFO">Creating an instance of the Firefox WebDriver.</msg>
<arg>${browser}</arg>
<doc>Creates an instance of Selenium WebDriver.</doc>
<status status="PASS" start="2025-08-26T18:11:57.584519" elapsed="6.232780"/>
</kw>
<kw name="Maximize Browser Window" owner="SeleniumLibrary">
<doc>Maximizes current browser window.</doc>
<status status="PASS" start="2025-08-26T18:12:03.817727" elapsed="0.005051"/>
</kw>
<kw name="Go To" owner="SeleniumLibrary">
<msg time="2025-08-26T18:12:03.824884" level="INFO">Opening url 'https://www.saucedemo.com/'</msg>
<arg>${url}</arg>
<doc>Navigates the current browser window to the provided ``url``.</doc>
<status status="PASS" start="2025-08-26T18:12:03.823943" elapsed="0.774444"/>
</kw>
<arg>${browser_name}</arg>
<arg>${webpage_url}</arg>
<status status="PASS" start="2025-08-26T18:11:57.583276" elapsed="7.015391"/>
</kw>
<kw name="Login Into The Webpage" owner="loginpage">
<kw name="Enter User Credentials And Login" owner="loginpage">
<kw name="Page Should Contain" owner="SeleniumLibrary">
<msg time="2025-08-26T18:12:04.684337" level="INFO">Current page contains text 'Swag Labs'.</msg>
<arg>${logo_text}</arg>
<doc>Verifies that current page contains ``text``.</doc>
<status status="PASS" start="2025-08-26T18:12:04.600334" elapsed="0.084154"/>
</kw>
<kw name="Input Text" owner="SeleniumLibrary">
<msg time="2025-08-26T18:12:04.685024" level="INFO">Typing text 'standard_user' into text field 'css:#user-name'.</msg>
<arg>${email_input}</arg>
<arg>${username}</arg>
<doc>Types the given ``text`` into the text field identified by ``locator``.</doc>
<status status="PASS" start="2025-08-26T18:12:04.684711" elapsed="0.127826"/>
</kw>
<kw name="Input Password" owner="SeleniumLibrary">
<msg time="2025-08-26T18:12:04.813153" level="INFO">Typing password into text field 'css:#password'.</msg>
<msg time="2025-08-26T18:12:04.825815" level="INFO">Temporally setting log level to: NONE</msg>
<arg>${password_input}</arg>
<arg>${password}</arg>
<doc>Types the given password into the text field identified by ``locator``.</doc>
<status status="PASS" start="2025-08-26T18:12:04.812809" elapsed="0.071137"/>
</kw>
<kw name="Click Button" owner="SeleniumLibrary">
<msg time="2025-08-26T18:12:04.884639" level="INFO">Clicking button 'id:login-button'.</msg>
<arg>${login_button}</arg>
<doc>Clicks the button identified by ``locator``.</doc>
<status status="PASS" start="2025-08-26T18:12:04.884242" elapsed="0.169696"/>
</kw>
<arg>${valid_username}</arg>
<arg>${valid_password}</arg>
<status status="PASS" start="2025-08-26T18:12:04.599672" elapsed="0.454857"/>
</kw>
<kw name="Verify HomePage Login" owner="loginpage">
<kw name="Location Should Be" owner="SeleniumLibrary">
<msg time="2025-08-26T18:12:05.062186" level="INFO">Current location is 'https://www.saucedemo.com/inventory.html'.</msg>
<arg>${inventory_page_url}</arg>
<doc>Verifies that the current URL is exactly ``url``.</doc>
<status status="PASS" start="2025-08-26T18:12:05.055849" elapsed="0.006887"/>
</kw>
<status status="PASS" start="2025-08-26T18:12:05.055006" elapsed="0.008231"/>
</kw>
<status status="PASS" start="2025-08-26T18:12:04.599181" elapsed="0.464426"/>
</kw>
<kw name="Add Multiple Items To Cart" owner="inventorypage">
<for flavor="IN">
<iter>
<kw name="Get From Dictionary" owner="Collections">
<msg time="2025-08-26T18:12:05.066622" level="INFO">${locator} = css:button#add-to-cart-sauce-labs-backpack</msg>
<var>${locator}</var>
<arg>${inventory_items}</arg>
<arg>${item}</arg>
<doc>Returns a value from the given ``dictionary`` based on the given ``key``.</doc>
<status status="PASS" start="2025-08-26T18:12:05.066059" elapsed="0.000663"/>
</kw>
<kw name="Click Button" owner="SeleniumLibrary">
<msg time="2025-08-26T18:12:05.067562" level="INFO">Clicking button 'css:button#add-to-cart-sauce-labs-backpack'.</msg>
<arg>${locator}</arg>
<doc>Clicks the button identified by ``locator``.</doc>
<status status="PASS" start="2025-08-26T18:12:05.067091" elapsed="0.138736"/>
</kw>
<var name="${item}">Sauce Labs Backpack</var>
<status status="PASS" start="2025-08-26T18:12:05.065720" elapsed="0.140260"/>
</iter>
<iter>
<kw name="Get From Dictionary" owner="Collections">
<msg time="2025-08-26T18:12:05.207028" level="INFO">${locator} = css:button#add-to-cart-sauce-labs-fleece-jacket</msg>
<var>${locator}</var>
<arg>${inventory_items}</arg>
<arg>${item}</arg>
<doc>Returns a value from the given ``dictionary`` based on the given ``key``.</doc>
<status status="PASS" start="2025-08-26T18:12:05.206521" elapsed="0.000581"/>
</kw>
<kw name="Click Button" owner="SeleniumLibrary">
<msg time="2025-08-26T18:12:05.207756" level="INFO">Clicking button 'css:button#add-to-cart-sauce-labs-fleece-jacket'.</msg>
<arg>${locator}</arg>
<doc>Clicks the button identified by ``locator``.</doc>
<status status="PASS" start="2025-08-26T18:12:05.207386" elapsed="0.100432"/>
</kw>
<var name="${item}">Sauce Labs Fleece Jacket</var>
<status status="PASS" start="2025-08-26T18:12:05.206262" elapsed="0.101848"/>
</iter>
<iter>
<kw name="Get From Dictionary" owner="Collections">
<msg time="2025-08-26T18:12:05.310208" level="INFO">${locator} = css:button#add-to-cart-sauce-labs-onesie</msg>
<var>${locator}</var>
<arg>${inventory_items}</arg>
<arg>${item}</arg>
<doc>Returns a value from the given ``dictionary`` based on the given ``key``.</doc>
<status status="PASS" start="2025-08-26T18:12:05.309239" elapsed="0.001262"/>
</kw>
<kw name="Click Button" owner="SeleniumLibrary">
<msg time="2025-08-26T18:12:05.312324" level="INFO">Clicking button 'css:button#add-to-cart-sauce-labs-onesie'.</msg>
<arg>${locator}</arg>
<doc>Clicks the button identified by ``locator``.</doc>
<status status="PASS" start="2025-08-26T18:12:05.311360" elapsed="0.176383"/>
</kw>
<var name="${item}">Sauce Labs Onesie</var>
<status status="PASS" start="2025-08-26T18:12:05.308722" elapsed="0.179283"/>
</iter>
<var>${item}</var>
<value>@{list}</value>
<status status="PASS" start="2025-08-26T18:12:05.065333" elapsed="0.422917"/>
</for>
<arg>${cart_list}</arg>
<status status="PASS" start="2025-08-26T18:12:05.064657" elapsed="0.423853"/>
</kw>
<kw name="Go To Cart" owner="inventorypage">
<kw name="Click Element" owner="SeleniumLibrary">
<msg time="2025-08-26T18:12:05.490533" level="INFO">Clicking element 'css:a.shopping_cart_link'.</msg>
<arg>${cart_button}</arg>
<doc>Click the element identified by ``locator``.</doc>
<status status="PASS" start="2025-08-26T18:12:05.490039" elapsed="0.101293"/>
</kw>
<kw name="Location Should Be" owner="SeleniumLibrary">
<msg time="2025-08-26T18:12:05.599196" level="INFO">Current location is 'https://www.saucedemo.com/cart.html'.</msg>
<arg>${cart_page_url}</arg>
<doc>Verifies that the current URL is exactly ``url``.</doc>
<status status="PASS" start="2025-08-26T18:12:05.592512" elapsed="0.007029"/>
</kw>
<status status="PASS" start="2025-08-26T18:12:05.489377" elapsed="0.110543"/>
</kw>
<kw name="Go To Checkout Details" owner="checkoutpage">
<kw name="Navigate To WebPage" owner="generic">
<kw name="Click Button" owner="SeleniumLibrary">
<msg time="2025-08-26T18:12:05.604354" level="INFO">Clicking button 'css:button#checkout'.</msg>
<arg>${location}</arg>
<doc>Clicks the button identified by ``locator``.</doc>
<status status="PASS" start="2025-08-26T18:12:05.603658" elapsed="0.170155"/>
</kw>
<kw name="Location Should Be" owner="SeleniumLibrary">
<msg time="2025-08-26T18:12:05.782217" level="INFO">Current location is 'https://www.saucedemo.com/checkout-step-one.html'.</msg>
<arg>${url}</arg>
<doc>Verifies that the current URL is exactly ``url``.</doc>
<status status="PASS" start="2025-08-26T18:12:05.774232" elapsed="0.008146"/>
</kw>
<arg>${checkout_button}</arg>
<arg>${checkout_page_url}[0]</arg>
<status status="PASS" start="2025-08-26T18:12:05.602317" elapsed="0.180310"/>
</kw>
<status status="PASS" start="2025-08-26T18:12:05.601174" elapsed="0.181606"/>
</kw>
<kw name="Add Checkout Details" owner="checkoutpage">
<kw name="Input Text" owner="SeleniumLibrary">
<msg time="2025-08-26T18:12:05.784350" level="INFO">Typing text 'Navin' into text field 'css:input#first-name'.</msg>
<arg>${firstname_input}</arg>
<arg>${first_name}</arg>
<doc>Types the given ``text`` into the text field identified by ``locator``.</doc>
<status status="PASS" start="2025-08-26T18:12:05.783855" elapsed="0.049792"/>
</kw>
<kw name="Input Text" owner="SeleniumLibrary">
<msg time="2025-08-26T18:12:05.834252" level="INFO">Typing text 'Kumar' into text field 'css:input#last-name'.</msg>
<arg>${lastname_input}</arg>
<arg>${last_name}</arg>
<doc>Types the given ``text`` into the text field identified by ``locator``.</doc>
<status status="PASS" start="2025-08-26T18:12:05.833889" elapsed="0.031315"/>
</kw>
<kw name="Input Text" owner="SeleniumLibrary">
<msg time="2025-08-26T18:12:05.865725" level="INFO">Typing text '607803' into text field 'css:input#postal-code'.</msg>
<arg>${postalcode_input}</arg>
<arg>${postal_code}</arg>
<doc>Types the given ``text`` into the text field identified by ``locator``.</doc>
<status status="PASS" start="2025-08-26T18:12:05.865421" elapsed="0.063039"/>
</kw>
<status status="PASS" start="2025-08-26T18:12:05.783307" elapsed="0.145400"/>
</kw>
<kw name="Go To Checkout Overview" owner="checkoutpage">
<kw name="Navigate To WebPage" owner="generic">
<kw name="Click Button" owner="SeleniumLibrary">
<msg time="2025-08-26T18:12:05.930647" level="INFO">Clicking button 'css:input#continue'.</msg>
<arg>${location}</arg>
<doc>Clicks the button identified by ``locator``.</doc>
<status status="PASS" start="2025-08-26T18:12:05.930352" elapsed="0.080896"/>
</kw>
<kw name="Location Should Be" owner="SeleniumLibrary">
<msg time="2025-08-26T18:12:06.014025" level="INFO">Current location is 'https://www.saucedemo.com/checkout-step-two.html'.</msg>
<arg>${url}</arg>
<doc>Verifies that the current URL is exactly ``url``.</doc>
<status status="PASS" start="2025-08-26T18:12:06.011502" elapsed="0.002675"/>
</kw>
<arg>${continue_button}</arg>
<arg>${checkout_page_url}[1]</arg>
<status status="PASS" start="2025-08-26T18:12:05.929848" elapsed="0.084456"/>
</kw>
<status status="PASS" start="2025-08-26T18:12:05.929302" elapsed="0.085092"/>
</kw>
<kw name="Complete Order" owner="checkoutpage">
<kw name="Navigate To WebPage" owner="generic">
<kw name="Click Button" owner="SeleniumLibrary">
<msg time="2025-08-26T18:12:06.015963" level="INFO">Clicking button 'css:button#finish'.</msg>
<arg>${location}</arg>
<doc>Clicks the button identified by ``locator``.</doc>
<status status="PASS" start="2025-08-26T18:12:06.015699" elapsed="0.081284"/>
</kw>
<kw name="Location Should Be" owner="SeleniumLibrary">
<msg time="2025-08-26T18:12:06.099287" level="INFO">Current location is 'https://www.saucedemo.com/checkout-complete.html'.</msg>
<arg>${url}</arg>
<doc>Verifies that the current URL is exactly ``url``.</doc>
<status status="PASS" start="2025-08-26T18:12:06.097254" elapsed="0.002135"/>
</kw>
<arg>${finish_button}</arg>
<arg>${checkout_complete_page_url}</arg>
<status status="PASS" start="2025-08-26T18:12:06.015262" elapsed="0.084353"/>
</kw>
<status status="PASS" start="2025-08-26T18:12:06.014886" elapsed="0.084824"/>
</kw>
<kw name="Verify Checkout Message" owner="checkoutpage">
<kw name="Verify Notification Message" owner="generic">
<kw name="Wait Until Element Is Visible" owner="SeleniumLibrary">
<arg>${element}</arg>
<doc>Waits until the element ``locator`` is visible.</doc>
<status status="PASS" start="2025-08-26T18:12:06.100955" elapsed="0.032189"/>
</kw>
<kw name="Page Should Contain" owner="SeleniumLibrary">
<msg time="2025-08-26T18:12:06.142085" level="INFO">Current page contains text 'Thank you for your order!'.</msg>
<arg>${notification_text}</arg>
<doc>Verifies that current page contains ``text``.</doc>
<status status="PASS" start="2025-08-26T18:12:06.133398" elapsed="0.008826"/>
</kw>
<arg>${checkout_element}</arg>
<arg>${checkout_message}[0]</arg>
<status status="PASS" start="2025-08-26T18:12:06.100535" elapsed="0.041823"/>
</kw>
<kw name="Page Should Contain" owner="SeleniumLibrary">
<msg time="2025-08-26T18:12:06.150914" level="INFO">Current page contains text 'Your order has been dispatched, and will arrive just as fast as the pony can get there!'.</msg>
<arg>${checkout_message}[1]</arg>
<doc>Verifies that current page contains ``text``.</doc>
<status status="PASS" start="2025-08-26T18:12:06.142611" elapsed="0.008424"/>
</kw>
<kw name="Click Button" owner="SeleniumLibrary">
<msg time="2025-08-26T18:12:06.151537" level="INFO">Clicking button 'css:button#back-to-products'.</msg>
<arg>${home_button}</arg>
<doc>Clicks the button identified by ``locator``.</doc>
<status status="PASS" start="2025-08-26T18:12:06.151250" elapsed="0.113551"/>
</kw>
<status status="PASS" start="2025-08-26T18:12:06.100174" elapsed="0.164775"/>
</kw>
<kw name="Close The Browser" owner="generic" type="TEARDOWN">
<kw name="Close Browser" owner="SeleniumLibrary">
<doc>Closes the current browser.</doc>
<status status="PASS" start="2025-08-26T18:12:06.266064" elapsed="3.106129"/>
</kw>
<status status="PASS" start="2025-08-26T18:12:06.265680" elapsed="3.106904"/>
</kw>
<status status="PASS" start="2025-08-26T18:11:57.581707" elapsed="11.791670"/>
</test>
<doc>Test cases for the checkout page of the SauceDemo website.</doc>
<status status="PASS" start="2025-08-26T18:11:13.197158" elapsed="56.180104"/>
</suite>
<statistics>
<total>
<stat pass="5" fail="0" skip="0">All Tests</stat>
</total>
<tag>
</tag>
<suite>
<stat name="Saucedemo" id="s1" pass="5" fail="0" skip="0">Saucedemo</stat>
</suite>
</statistics>
<errors>
</errors>
</robot>
