<?xml version="1.0" encoding="UTF-8"?>
<robot generator="Robot 7.3.2 (Python 3.13.2 on win32)" generated="2025-08-26T18:12:10.040461" rpa="false" schemaversion="5">
<suite id="s1" name="Saucedemo" source="C:\Users\Navin Kumar\Desktop\Project 4\Task20_RobotFrameWork\TestCodes\saucedemo.robot">
<test id="s1-t1" name="Validate Successful Login" line="30">
<kw name="Open Webpage URL" owner="generic" type="SETUP">
<kw name="Create Webdriver" owner="SeleniumLibrary">
<msg time="2025-08-26T18:12:10.480190" level="INFO">Creating an instance of the Firefox WebDriver.</msg>
<arg>${browser}</arg>
<doc>Creates an instance of Selenium WebDriver.</doc>
<status status="PASS" start="2025-08-26T18:12:10.479987" elapsed="6.486656"/>
</kw>
<kw name="Maximize Browser Window" owner="SeleniumLibrary">
<doc>Maximizes current browser window.</doc>
<status status="PASS" start="2025-08-26T18:12:16.967165" elapsed="0.005343"/>
</kw>
<kw name="Go To" owner="SeleniumLibrary">
<msg time="2025-08-26T18:12:16.973800" level="INFO">Opening url 'https://www.saucedemo.com/'</msg>
<arg>${url}</arg>
<doc>Navigates the current browser window to the provided ``url``.</doc>
<status status="PASS" start="2025-08-26T18:12:16.973231" elapsed="1.232563"/>
</kw>
<arg>${browser_name}</arg>
<arg>${webpage_url}</arg>
<status status="PASS" start="2025-08-26T18:12:10.479089" elapsed="7.727045"/>
</kw>
<kw name="Enter User Credentials And Login" owner="loginpage">
<kw name="Page Should Contain" owner="SeleniumLibrary">
<msg time="2025-08-26T18:12:18.420823" level="INFO">Current page contains text 'Swag Labs'.</msg>
<arg>${logo_text}</arg>
<doc>Verifies that current page contains ``text``.</doc>
<status status="PASS" start="2025-08-26T18:12:18.210095" elapsed="0.210853"/>
</kw>
<kw name="Input Text" owner="SeleniumLibrary">
<msg time="2025-08-26T18:12:18.421825" level="INFO">Typing text 'standard_user' into text field 'css:#user-name'.</msg>
<arg>${email_input}</arg>
<arg>${username}</arg>
<doc>Types the given ``text`` into the text field identified by ``locator``.</doc>
<status status="PASS" start="2025-08-26T18:12:18.421277" elapsed="0.315797"/>
</kw>
<kw name="Input Password" owner="SeleniumLibrary">
<msg time="2025-08-26T18:12:18.738263" level="INFO">Typing password into text field 'css:#password'.</msg>
<msg time="2025-08-26T18:12:18.766247" level="INFO">Temporally setting log level to: NONE</msg>
<arg>${password_input}</arg>
<arg>${password}</arg>
<doc>Types the given password into the text field identified by ``locator``.</doc>
<status status="PASS" start="2025-08-26T18:12:18.737579" elapsed="0.083591"/>
</kw>
<kw name="Click Button" owner="SeleniumLibrary">
<msg time="2025-08-26T18:12:18.821963" level="INFO">Clicking button 'id:login-button'.</msg>
<arg>${login_button}</arg>
<doc>Clicks the button identified by ``locator``.</doc>
<status status="PASS" start="2025-08-26T18:12:18.821541" elapsed="0.264744"/>
</kw>
<arg>${valid_username}</arg>
<arg>${valid_password}</arg>
<status status="PASS" start="2025-08-26T18:12:18.208018" elapsed="0.878778"/>
</kw>
<kw name="Verify HomePage Login" owner="loginpage">
<kw name="Location Should Be" owner="SeleniumLibrary">
<msg time="2025-08-26T18:12:19.112216" level="INFO">Current location is 'https://www.saucedemo.com/inventory.html'.</msg>
<arg>${inventory_page_url}</arg>
<doc>Verifies that the current URL is exactly ``url``.</doc>
<status status="PASS" start="2025-08-26T18:12:19.104495" elapsed="0.008002"/>
</kw>
<status status="PASS" start="2025-08-26T18:12:19.103642" elapsed="0.009284"/>
</kw>
<kw name="Close The Browser" owner="generic" type="TEARDOWN">
<kw name="Close Browser" owner="SeleniumLibrary">
<doc>Closes the current browser.</doc>
<status status="PASS" start="2025-08-26T18:12:19.128360" elapsed="3.315959"/>
</kw>
<status status="PASS" start="2025-08-26T18:12:19.125195" elapsed="3.319340"/>
</kw>
<status status="PASS" start="2025-08-26T18:12:10.478038" elapsed="11.966863"/>
</test>
<test id="s1-t2" name="Validate the Invalid Login Error Message" line="38">
<kw name="Open Webpage URL" owner="generic" type="SETUP">
<kw name="Create Webdriver" owner="SeleniumLibrary">
<msg time="2025-08-26T18:12:22.447520" level="INFO">Creating an instance of the Firefox WebDriver.</msg>
<arg>${browser}</arg>
<doc>Creates an instance of Selenium WebDriver.</doc>
<status status="PASS" start="2025-08-26T18:12:22.447292" elapsed="6.223011"/>
</kw>
<kw name="Maximize Browser Window" owner="SeleniumLibrary">
<doc>Maximizes current browser window.</doc>
<status status="PASS" start="2025-08-26T18:12:28.670612" elapsed="0.003280"/>
</kw>
<kw name="Go To" owner="SeleniumLibrary">
<msg time="2025-08-26T18:12:28.674505" level="INFO">Opening url 'https://www.saucedemo.com/'</msg>
<arg>${url}</arg>
<doc>Navigates the current browser window to the provided ``url``.</doc>
<status status="PASS" start="2025-08-26T18:12:28.674233" elapsed="0.717354"/>
</kw>
<arg>${browser_name}</arg>
<arg>${webpage_url}</arg>
<status status="PASS" start="2025-08-26T18:12:22.446872" elapsed="6.944881"/>
</kw>
<kw name="Enter User Credentials And Login" owner="loginpage">
<kw name="Page Should Contain" owner="SeleniumLibrary">
<msg time="2025-08-26T18:12:29.453491" level="INFO">Current page contains text 'Swag Labs'.</msg>
<arg>${logo_text}</arg>
<doc>Verifies that current page contains ``text``.</doc>
<status status="PASS" start="2025-08-26T18:12:29.394207" elapsed="0.059461"/>
</kw>
<kw name="Input Text" owner="SeleniumLibrary">
<msg time="2025-08-26T18:12:29.454681" level="INFO">Typing text 'invalid_user' into text field 'css:#user-name'.</msg>
<arg>${email_input}</arg>
<arg>${username}</arg>
<doc>Types the given ``text`` into the text field identified by ``locator``.</doc>
<status status="PASS" start="2025-08-26T18:12:29.454050" elapsed="0.179946"/>
</kw>
<kw name="Input Password" owner="SeleniumLibrary">
<msg time="2025-08-26T18:12:29.635130" level="INFO">Typing password into text field 'css:#password'.</msg>
<msg time="2025-08-26T18:12:29.654860" level="INFO">Temporally setting log level to: NONE</msg>
<arg>${password_input}</arg>
<arg>${password}</arg>
<doc>Types the given password into the text field identified by ``locator``.</doc>
<status status="PASS" start="2025-08-26T18:12:29.634625" elapsed="0.084129"/>
</kw>
<kw name="Click Button" owner="SeleniumLibrary">
<msg time="2025-08-26T18:12:29.719406" level="INFO">Clicking button 'id:login-button'.</msg>
<arg>${login_button}</arg>
<doc>Clicks the button identified by ``locator``.</doc>
<status status="PASS" start="2025-08-26T18:12:29.719049" elapsed="0.121454"/>
</kw>
<arg>${invalid_username}</arg>
<arg>${invalid_password}</arg>
<status status="PASS" start="2025-08-26T18:12:29.392646" elapsed="0.448076"/>
</kw>
<kw name="Verify Notification Message" owner="generic">
<kw name="Wait Until Element Is Visible" owner="SeleniumLibrary">
<arg>${element}</arg>
<doc>Waits until the element ``locator`` is visible.</doc>
<status status="PASS" start="2025-08-26T18:12:29.841831" elapsed="0.017961"/>
</kw>
<kw name="Page Should Contain" owner="SeleniumLibrary">
<msg time="2025-08-26T18:12:29.868306" level="INFO">Current page contains text 'Epic sadface: Username and password do not match any user in this service'.</msg>
<arg>${notification_text}</arg>
<doc>Verifies that current page contains ``text``.</doc>
<status status="PASS" start="2025-08-26T18:12:29.860077" elapsed="0.008360"/>
</kw>
<arg>${login_error_element}</arg>
<arg>${invalid_login_error_message}</arg>
<status status="PASS" start="2025-08-26T18:12:29.841271" elapsed="0.027353"/>
</kw>
<kw name="Close The Browser" owner="generic" type="TEARDOWN">
<kw name="Close Browser" owner="SeleniumLibrary">
<doc>Closes the current browser.</doc>
<status status="PASS" start="2025-08-26T18:12:29.869661" elapsed="3.228513"/>
</kw>
<status status="PASS" start="2025-08-26T18:12:29.869214" elapsed="3.229354"/>
</kw>
<status status="PASS" start="2025-08-26T18:12:22.445964" elapsed="10.653326"/>
</test>
<test id="s1-t3" name="Validate Add Item To Cart" line="43">
<kw name="Open Webpage URL" owner="generic" type="SETUP">
<kw name="Create Webdriver" owner="SeleniumLibrary">
<msg time="2025-08-26T18:12:33.106569" level="INFO">Creating an instance of the Firefox WebDriver.</msg>
<arg>${browser}</arg>
<doc>Creates an instance of Selenium WebDriver.</doc>
<status status="PASS" start="2025-08-26T18:12:33.105935" elapsed="6.380254"/>
</kw>
<kw name="Maximize Browser Window" owner="SeleniumLibrary">
<doc>Maximizes current browser window.</doc>
<status status="PASS" start="2025-08-26T18:12:39.486385" elapsed="0.002164"/>
</kw>
<kw name="Go To" owner="SeleniumLibrary">
<msg time="2025-08-26T18:12:39.488937" level="INFO">Opening url 'https://www.saucedemo.com/'</msg>
<arg>${url}</arg>
<doc>Navigates the current browser window to the provided ``url``.</doc>
<status status="PASS" start="2025-08-26T18:12:39.488737" elapsed="1.058857"/>
</kw>
<arg>${browser_name}</arg>
<arg>${webpage_url}</arg>
<status status="PASS" start="2025-08-26T18:12:33.104144" elapsed="7.443774"/>
</kw>
<kw name="Login Into The Webpage" owner="loginpage">
<kw name="Enter User Credentials And Login" owner="loginpage">
<kw name="Page Should Contain" owner="SeleniumLibrary">
<msg time="2025-08-26T18:12:40.612349" level="INFO">Current page contains text 'Swag Labs'.</msg>
<arg>${logo_text}</arg>
<doc>Verifies that current page contains ``text``.</doc>
<status status="PASS" start="2025-08-26T18:12:40.550705" elapsed="0.061925"/>
</kw>
<kw name="Input Text" owner="SeleniumLibrary">
<msg time="2025-08-26T18:12:40.613850" level="INFO">Typing text 'standard_user' into text field 'css:#user-name'.</msg>
<arg>${email_input}</arg>
<arg>${username}</arg>
<doc>Types the given ``text`` into the text field identified by ``locator``.</doc>
<status status="PASS" start="2025-08-26T18:12:40.613245" elapsed="0.130996"/>
</kw>
<kw name="Input Password" owner="SeleniumLibrary">
<msg time="2025-08-26T18:12:40.745722" level="INFO">Typing password into text field 'css:#password'.</msg>
<msg time="2025-08-26T18:12:40.760447" level="INFO">Temporally setting log level to: NONE</msg>
<arg>${password_input}</arg>
<arg>${password}</arg>
<doc>Types the given password into the text field identified by ``locator``.</doc>
<status status="PASS" start="2025-08-26T18:12:40.744939" elapsed="0.080617"/>
</kw>
<kw name="Click Button" owner="SeleniumLibrary">
<msg time="2025-08-26T18:12:40.826775" level="INFO">Clicking button 'id:login-button'.</msg>
<arg>${login_button}</arg>
<doc>Clicks the button identified by ``locator``.</doc>
<status status="PASS" start="2025-08-26T18:12:40.826121" elapsed="0.213800"/>
</kw>
<arg>${valid_username}</arg>
<arg>${valid_password}</arg>
<status status="PASS" start="2025-08-26T18:12:40.549828" elapsed="0.490319"/>
</kw>
<kw name="Verify HomePage Login" owner="loginpage">
<kw name="Location Should Be" owner="SeleniumLibrary">
<msg time="2025-08-26T18:12:41.044633" level="INFO">Current location is 'https://www.saucedemo.com/inventory.html'.</msg>
<arg>${inventory_page_url}</arg>
<doc>Verifies that the current URL is exactly ``url``.</doc>
<status status="PASS" start="2025-08-26T18:12:41.041046" elapsed="0.003789"/>
</kw>
<status status="PASS" start="2025-08-26T18:12:41.040513" elapsed="0.004665"/>
</kw>
<status status="PASS" start="2025-08-26T18:12:40.548967" elapsed="0.496383"/>
</kw>
<kw name="Add Items To Cart" owner="inventorypage">
<for flavor="IN">
<iter>
<kw name="Get From Dictionary" owner="Collections">
<msg time="2025-08-26T18:12:41.048007" level="INFO">${locator} = css:button#add-to-cart-sauce-labs-backpack</msg>
<var>${locator}</var>
<arg>${inventory_items}</arg>
<arg>${item}</arg>
<doc>Returns a value from the given ``dictionary`` based on the given ``key``.</doc>
<status status="PASS" start="2025-08-26T18:12:41.047269" elapsed="0.000859"/>
</kw>
<kw name="Click Button" owner="SeleniumLibrary">
<msg time="2025-08-26T18:12:41.048938" level="INFO">Clicking button 'css:button#add-to-cart-sauce-labs-backpack'.</msg>
<arg>${locator}</arg>
<doc>Clicks the button identified by ``locator``.</doc>
<status status="PASS" start="2025-08-26T18:12:41.048450" elapsed="0.073917"/>
</kw>
<var name="${item}">Sauce Labs Backpack</var>
<status status="PASS" start="2025-08-26T18:12:41.046904" elapsed="0.075557"/>
</iter>
<var>${item}</var>
<value>@{list}</value>
<status status="PASS" start="2025-08-26T18:12:41.046531" elapsed="0.076011"/>
</for>
<arg>${cart_one_item}</arg>
<status status="PASS" start="2025-08-26T18:12:41.045896" elapsed="0.076815"/>
</kw>
<kw name="Go To Cart" owner="inventorypage">
<kw name="Click Element" owner="SeleniumLibrary">
<msg time="2025-08-26T18:12:41.123761" level="INFO">Clicking element 'css:a.shopping_cart_link'.</msg>
<arg>${cart_button}</arg>
<doc>Click the element identified by ``locator``.</doc>
<status status="PASS" start="2025-08-26T18:12:41.123534" elapsed="0.154348"/>
</kw>
<kw name="Location Should Be" owner="SeleniumLibrary">
<msg time="2025-08-26T18:12:41.282902" level="INFO">Current location is 'https://www.saucedemo.com/cart.html'.</msg>
<arg>${cart_page_url}</arg>
<doc>Verifies that the current URL is exactly ``url``.</doc>
<status status="PASS" start="2025-08-26T18:12:41.278207" elapsed="0.004800"/>
</kw>
<status status="PASS" start="2025-08-26T18:12:41.123179" elapsed="0.159935"/>
</kw>
<kw name="Verify Items In Cart" owner="cartpage">
<kw name="Collect List Of Elements" owner="inventorypage">
<kw name="Get WebElements" owner="SeleniumLibrary">
<msg time="2025-08-26T18:12:41.289461" level="INFO">@{elements} = [ &lt;selenium.webdriver.remote.webelement.WebElement (session="2efdd5d0-c513-4a90-a479-dbbd297f5058", element="6bfcd374-afcd-4bfb-a2ed-c7722bd831e1")&gt; ]</msg>
<var>@{elements}</var>
<arg>${itemList_locator}</arg>
<doc>Returns a list of WebElement objects matching the ``locator``.</doc>
<status status="PASS" start="2025-08-26T18:12:41.284207" elapsed="0.005315"/>
</kw>
<kw name="Create List" owner="BuiltIn">
<msg time="2025-08-26T18:12:41.290028" level="INFO">${list} = []</msg>
<var>${list}</var>
<doc>Returns a list containing given items.</doc>
<status status="PASS" start="2025-08-26T18:12:41.289732" elapsed="0.000339"/>
</kw>
<for flavor="IN">
<iter>
<kw name="Get Text" owner="SeleniumLibrary">
<msg time="2025-08-26T18:12:41.316804" level="INFO">${text} = Sauce Labs Backpack</msg>
<var>${text}</var>
<arg>${element}</arg>
<doc>Returns the text value of the element identified by ``locator``.</doc>
<status status="PASS" start="2025-08-26T18:12:41.290575" elapsed="0.026288"/>
</kw>
<kw name="Log" owner="BuiltIn">
<msg time="2025-08-26T18:12:41.317363" level="INFO">Sauce Labs Backpack</msg>
<arg>${text}</arg>
<doc>Logs the given message with the given level.</doc>
<status status="PASS" start="2025-08-26T18:12:41.317151" elapsed="0.000289"/>
</kw>
<kw name="Append To List" owner="Collections">
<arg>${list}</arg>
<arg>${text}</arg>
<doc>Adds ``values`` to the end of ``list``.</doc>
<status status="PASS" start="2025-08-26T18:12:41.317699" elapsed="0.000428"/>
</kw>
<var name="${element}">&lt;selenium.webdriver.remote.webelement.WebElement (session="2efdd5d0-c513-4a90-a479-dbbd297f5058", element="6bfcd374-afcd-4bfb-a2ed-c7722bd831e1")&gt;</var>
<status status="PASS" start="2025-08-26T18:12:41.290433" elapsed="0.027880"/>
</iter>
<var>${element}</var>
<value>@{elements}</value>
<status status="PASS" start="2025-08-26T18:12:41.290199" elapsed="0.028281"/>
</for>
<return>
<value>${list}</value>
<status status="PASS" start="2025-08-26T18:12:41.318648" elapsed="0.000130"/>
</return>
<msg time="2025-08-26T18:12:41.319216" level="INFO">${current_items} = ['Sauce Labs Backpack']</msg>
<var>${current_items}</var>
<status status="PASS" start="2025-08-26T18:12:41.283961" elapsed="0.035327"/>
</kw>
<kw name="Lists Should Be Equal" owner="Collections">
<arg>${list}</arg>
<arg>${current_items}</arg>
<doc>Fails if given lists are unequal.</doc>
<status status="PASS" start="2025-08-26T18:12:41.319606" elapsed="0.000556"/>
</kw>
<arg>${cart_one_item}</arg>
<status status="PASS" start="2025-08-26T18:12:41.283535" elapsed="0.036931"/>
</kw>
<kw name="Close The Browser" owner="generic" type="TEARDOWN">
<kw name="Close Browser" owner="SeleniumLibrary">
<doc>Closes the current browser.</doc>
<status status="PASS" start="2025-08-26T18:12:41.321540" elapsed="3.161651"/>
</kw>
<status status="PASS" start="2025-08-26T18:12:41.321173" elapsed="3.162452"/>
</kw>
<status status="PASS" start="2025-08-26T18:12:33.101927" elapsed="11.382506"/>
</test>
<test id="s1-t4" name="Validate Add Multiple Items To Cart" line="55">
<kw name="Open Webpage URL" owner="generic" type="SETUP">
<kw name="Create Webdriver" owner="SeleniumLibrary">
<msg time="2025-08-26T18:12:44.491717" level="INFO">Creating an instance of the Firefox WebDriver.</msg>
<arg>${browser}</arg>
<doc>Creates an instance of Selenium WebDriver.</doc>
<status status="PASS" start="2025-08-26T18:12:44.491043" elapsed="6.301475"/>
</kw>
<kw name="Maximize Browser Window" owner="SeleniumLibrary">
<doc>Maximizes current browser window.</doc>
<status status="PASS" start="2025-08-26T18:12:50.792806" elapsed="0.003702"/>
</kw>
<kw name="Go To" owner="SeleniumLibrary">
<msg time="2025-08-26T18:12:50.797188" level="INFO">Opening url 'https://www.saucedemo.com/'</msg>
<arg>${url}</arg>
<doc>Navigates the current browser window to the provided ``url``.</doc>
<status status="PASS" start="2025-08-26T18:12:50.796856" elapsed="0.813262"/>
</kw>
<arg>${browser_name}</arg>
<arg>${webpage_url}</arg>
<status status="PASS" start="2025-08-26T18:12:44.489515" elapsed="7.120793"/>
</kw>
<kw name="Login Into The Webpage" owner="loginpage">
<kw name="Enter User Credentials And Login" owner="loginpage">
<kw name="Page Should Contain" owner="SeleniumLibrary">
<msg time="2025-08-26T18:12:51.679855" level="INFO">Current page contains text 'Swag Labs'.</msg>
<arg>${logo_text}</arg>
<doc>Verifies that current page contains ``text``.</doc>
<status status="PASS" start="2025-08-26T18:12:51.611803" elapsed="0.068618"/>
</kw>
<kw name="Input Text" owner="SeleniumLibrary">
<msg time="2025-08-26T18:12:51.682071" level="INFO">Typing text 'standard_user' into text field 'css:#user-name'.</msg>
<arg>${email_input}</arg>
<arg>${username}</arg>
<doc>Types the given ``text`` into the text field identified by ``locator``.</doc>
<status status="PASS" start="2025-08-26T18:12:51.680944" elapsed="0.264531"/>
</kw>
<kw name="Input Password" owner="SeleniumLibrary">
<msg time="2025-08-26T18:12:51.946893" level="INFO">Typing password into text field 'css:#password'.</msg>
<msg time="2025-08-26T18:12:51.989912" level="INFO">Temporally setting log level to: NONE</msg>
<arg>${password_input}</arg>
<arg>${password}</arg>
<doc>Types the given password into the text field identified by ``locator``.</doc>
<status status="PASS" start="2025-08-26T18:12:51.945895" elapsed="0.079361"/>
</kw>
<kw name="Click Button" owner="SeleniumLibrary">
<msg time="2025-08-26T18:12:52.025937" level="INFO">Clicking button 'id:login-button'.</msg>
<arg>${login_button}</arg>
<doc>Clicks the button identified by ``locator``.</doc>
<status status="PASS" start="2025-08-26T18:12:52.025547" elapsed="0.137920"/>
</kw>
<arg>${valid_username}</arg>
<arg>${valid_password}</arg>
<status status="PASS" start="2025-08-26T18:12:51.611352" elapsed="0.552447"/>
</kw>
<kw name="Verify HomePage Login" owner="loginpage">
<kw name="Location Should Be" owner="SeleniumLibrary">
<msg time="2025-08-26T18:12:52.183950" level="INFO">Current location is 'https://www.saucedemo.com/inventory.html'.</msg>
<arg>${inventory_page_url}</arg>
<doc>Verifies that the current URL is exactly ``url``.</doc>
<status status="PASS" start="2025-08-26T18:12:52.165026" elapsed="0.019152"/>
</kw>
<status status="PASS" start="2025-08-26T18:12:52.164212" elapsed="0.020200"/>
</kw>
<status status="PASS" start="2025-08-26T18:12:51.610849" elapsed="0.573728"/>
</kw>
<kw name="Add Multiple Items To Cart" owner="inventorypage">
<for flavor="IN">
<iter>
<kw name="Get From Dictionary" owner="Collections">
<msg time="2025-08-26T18:12:52.186824" level="INFO">${locator} = css:button#add-to-cart-sauce-labs-backpack</msg>
<var>${locator}</var>
<arg>${inventory_items}</arg>
<arg>${item}</arg>
<doc>Returns a value from the given ``dictionary`` based on the given ``key``.</doc>
<status status="PASS" start="2025-08-26T18:12:52.186441" elapsed="0.000436"/>
</kw>
<kw name="Click Button" owner="SeleniumLibrary">
<msg time="2025-08-26T18:12:52.187582" level="INFO">Clicking button 'css:button#add-to-cart-sauce-labs-backpack'.</msg>
<arg>${locator}</arg>
<doc>Clicks the button identified by ``locator``.</doc>
<status status="PASS" start="2025-08-26T18:12:52.187194" elapsed="0.111589"/>
</kw>
<var name="${item}">Sauce Labs Backpack</var>
<status status="PASS" start="2025-08-26T18:12:52.186165" elapsed="0.112918"/>
</iter>
<iter>
<kw name="Get From Dictionary" owner="Collections">
<msg time="2025-08-26T18:12:52.301970" level="INFO">${locator} = css:button#add-to-cart-sauce-labs-fleece-jacket</msg>
<var>${locator}</var>
<arg>${inventory_items}</arg>
<arg>${item}</arg>
<doc>Returns a value from the given ``dictionary`` based on the given ``key``.</doc>
<status status="PASS" start="2025-08-26T18:12:52.300195" elapsed="0.001948"/>
</kw>
<kw name="Click Button" owner="SeleniumLibrary">
<msg time="2025-08-26T18:12:52.303733" level="INFO">Clicking button 'css:button#add-to-cart-sauce-labs-fleece-jacket'.</msg>
<arg>${locator}</arg>
<doc>Clicks the button identified by ``locator``.</doc>
<status status="PASS" start="2025-08-26T18:12:52.302957" elapsed="0.113263"/>
</kw>
<var name="${item}">Sauce Labs Fleece Jacket</var>
<status status="PASS" start="2025-08-26T18:12:52.299683" elapsed="0.116849"/>
</iter>
<iter>
<kw name="Get From Dictionary" owner="Collections">
<msg time="2025-08-26T18:12:52.418627" level="INFO">${locator} = css:button#add-to-cart-sauce-labs-onesie</msg>
<var>${locator}</var>
<arg>${inventory_items}</arg>
<arg>${item}</arg>
<doc>Returns a value from the given ``dictionary`` based on the given ``key``.</doc>
<status status="PASS" start="2025-08-26T18:12:52.417642" elapsed="0.001130"/>
</kw>
<kw name="Click Button" owner="SeleniumLibrary">
<msg time="2025-08-26T18:12:52.420031" level="INFO">Clicking button 'css:button#add-to-cart-sauce-labs-onesie'.</msg>
<arg>${locator}</arg>
<doc>Clicks the button identified by ``locator``.</doc>
<status status="PASS" start="2025-08-26T18:12:52.419287" elapsed="0.114503"/>
</kw>
<var name="${item}">Sauce Labs Onesie</var>
<status status="PASS" start="2025-08-26T18:12:52.417135" elapsed="0.116996"/>
</iter>
<var>${item}</var>
<value>@{list}</value>
<status status="PASS" start="2025-08-26T18:12:52.185827" elapsed="0.348556"/>
</for>
<arg>${cart_list}</arg>
<status status="PASS" start="2025-08-26T18:12:52.185259" elapsed="0.349488"/>
</kw>
<kw name="Go To Cart" owner="inventorypage">
<kw name="Click Element" owner="SeleniumLibrary">
<msg time="2025-08-26T18:12:52.537801" level="INFO">Clicking element 'css:a.shopping_cart_link'.</msg>
<arg>${cart_button}</arg>
<doc>Click the element identified by ``locator``.</doc>
<status status="PASS" start="2025-08-26T18:12:52.536981" elapsed="0.169123"/>
</kw>
<kw name="Location Should Be" owner="SeleniumLibrary">
<msg time="2025-08-26T18:12:52.712465" level="INFO">Current location is 'https://www.saucedemo.com/cart.html'.</msg>
<arg>${cart_page_url}</arg>
<doc>Verifies that the current URL is exactly ``url``.</doc>
<status status="PASS" start="2025-08-26T18:12:52.706480" elapsed="0.006217"/>
</kw>
<status status="PASS" start="2025-08-26T18:12:52.535962" elapsed="0.177092"/>
</kw>
<kw name="Verify Items In Cart" owner="cartpage">
<kw name="Collect List Of Elements" owner="inventorypage">
<kw name="Get WebElements" owner="SeleniumLibrary">
<msg time="2025-08-26T18:12:52.722190" level="INFO">@{elements} = [ &lt;selenium.webdriver.remote.webelement.WebElement (session="a612d932-fde2-4cd9-bc21-7cc5a46c3c2e", element="a367c2ca-7906-4499-9e73-7726efa3499f")&gt; | &lt;selenium.webdriver.remote.webelement.WebElement ...</msg>
<var>@{elements}</var>
<arg>${itemList_locator}</arg>
<doc>Returns a list of WebElement objects matching the ``locator``.</doc>
<status status="PASS" start="2025-08-26T18:12:52.715968" elapsed="0.006330"/>
</kw>
<kw name="Create List" owner="BuiltIn">
<msg time="2025-08-26T18:12:52.723133" level="INFO">${list} = []</msg>
<var>${list}</var>
<doc>Returns a list containing given items.</doc>
<status status="PASS" start="2025-08-26T18:12:52.722786" elapsed="0.000421"/>
</kw>
<for flavor="IN">
<iter>
<kw name="Get Text" owner="SeleniumLibrary">
<msg time="2025-08-26T18:12:52.742995" level="INFO">${text} = Sauce Labs Backpack</msg>
<var>${text}</var>
<arg>${element}</arg>
<doc>Returns the text value of the element identified by ``locator``.</doc>
<status status="PASS" start="2025-08-26T18:12:52.724010" elapsed="0.019109"/>
</kw>
<kw name="Log" owner="BuiltIn">
<msg time="2025-08-26T18:12:52.744053" level="INFO">Sauce Labs Backpack</msg>
<arg>${text}</arg>
<doc>Logs the given message with the given level.</doc>
<status status="PASS" start="2025-08-26T18:12:52.743531" elapsed="0.000655"/>
</kw>
<kw name="Append To List" owner="Collections">
<arg>${list}</arg>
<arg>${text}</arg>
<doc>Adds ``values`` to the end of ``list``.</doc>
<status status="PASS" start="2025-08-26T18:12:52.744491" elapsed="0.000411"/>
</kw>
<var name="${element}">&lt;selenium.webdriver.remote.webelement.WebElement (session="a612d932-fde2-4cd9-bc21-7cc5a46c3c2e", element="a367c2ca-7906-4499-9e73-7726efa3499f")&gt;</var>
<status status="PASS" start="2025-08-26T18:12:52.723770" elapsed="0.021260"/>
</iter>
<iter>
<kw name="Get Text" owner="SeleniumLibrary">
<msg time="2025-08-26T18:12:52.760685" level="INFO">${text} = Sauce Labs Fleece Jacket</msg>
<var>${text}</var>
<arg>${element}</arg>
<doc>Returns the text value of the element identified by ``locator``.</doc>
<status status="PASS" start="2025-08-26T18:12:52.745566" elapsed="0.015219"/>
</kw>
<kw name="Log" owner="BuiltIn">
<msg time="2025-08-26T18:12:52.761468" level="INFO">Sauce Labs Fleece Jacket</msg>
<arg>${text}</arg>
<doc>Logs the given message with the given level.</doc>
<status status="PASS" start="2025-08-26T18:12:52.761131" elapsed="0.000452"/>
</kw>
<kw name="Append To List" owner="Collections">
<arg>${list}</arg>
<arg>${text}</arg>
<doc>Adds ``values`` to the end of ``list``.</doc>
<status status="PASS" start="2025-08-26T18:12:52.761845" elapsed="0.000376"/>
</kw>
<var name="${element}">&lt;selenium.webdriver.remote.webelement.WebElement (session="a612d932-fde2-4cd9-bc21-7cc5a46c3c2e", element="4e4ee895-a598-4265-a984-43895f9e57a2")&gt;</var>
<status status="PASS" start="2025-08-26T18:12:52.745324" elapsed="0.017023"/>
</iter>
<iter>
<kw name="Get Text" owner="SeleniumLibrary">
<msg time="2025-08-26T18:12:52.777301" level="INFO">${text} = Sauce Labs Onesie</msg>
<var>${text}</var>
<arg>${element}</arg>
<doc>Returns the text value of the element identified by ``locator``.</doc>
<status status="PASS" start="2025-08-26T18:12:52.762895" elapsed="0.014504"/>
</kw>
<kw name="Log" owner="BuiltIn">
<msg time="2025-08-26T18:12:52.778178" level="INFO">Sauce Labs Onesie</msg>
<arg>${text}</arg>
<doc>Logs the given message with the given level.</doc>
<status status="PASS" start="2025-08-26T18:12:52.777830" elapsed="0.000464"/>
</kw>
<kw name="Append To List" owner="Collections">
<arg>${list}</arg>
<arg>${text}</arg>
<doc>Adds ``values`` to the end of ``list``.</doc>
<status status="PASS" start="2025-08-26T18:12:52.778588" elapsed="0.000377"/>
</kw>
<var name="${element}">&lt;selenium.webdriver.remote.webelement.WebElement (session="a612d932-fde2-4cd9-bc21-7cc5a46c3c2e", element="0633e574-8a86-44dd-8247-4d1fcd11bf7f")&gt;</var>
<status status="PASS" start="2025-08-26T18:12:52.762635" elapsed="0.016453"/>
</iter>
<var>${element}</var>
<value>@{elements}</value>
<status status="PASS" start="2025-08-26T18:12:52.723381" elapsed="0.055866"/>
</for>
<return>
<value>${list}</value>
<status status="PASS" start="2025-08-26T18:12:52.779409" elapsed="0.000120"/>
</return>
<msg time="2025-08-26T18:12:52.779873" level="INFO">${current_items} = ['Sauce Labs Backpack', 'Sauce Labs Fleece Jacket', 'Sauce Labs Onesie']</msg>
<var>${current_items}</var>
<status status="PASS" start="2025-08-26T18:12:52.715410" elapsed="0.064535"/>
</kw>
<kw name="Lists Should Be Equal" owner="Collections">
<arg>${list}</arg>
<arg>${current_items}</arg>
<doc>Fails if given lists are unequal.</doc>
<status status="PASS" start="2025-08-26T18:12:52.780315" elapsed="0.000561"/>
</kw>
<arg>${cart_list}</arg>
<status status="PASS" start="2025-08-26T18:12:52.714423" elapsed="0.066646"/>
</kw>
<kw name="Close The Browser" owner="generic" type="TEARDOWN">
<kw name="Close Browser" owner="SeleniumLibrary">
<doc>Closes the current browser.</doc>
<status status="PASS" start="2025-08-26T18:12:52.783049" elapsed="3.034449"/>
</kw>
<status status="PASS" start="2025-08-26T18:12:52.782201" elapsed="3.035733"/>
</kw>
<status status="PASS" start="2025-08-26T18:12:44.487470" elapsed="11.331256"/>
</test>
<test id="s1-t5" name="Validate Checkout Of Products" line="67">
<kw name="Open Webpage URL" owner="generic" type="SETUP">
<kw name="Create Webdriver" owner="SeleniumLibrary">
<msg time="2025-08-26T18:12:55.826224" level="INFO">Creating an instance of the Firefox WebDriver.</msg>
<arg>${browser}</arg>
<doc>Creates an instance of Selenium WebDriver.</doc>
<status status="PASS" start="2025-08-26T18:12:55.825490" elapsed="6.323249"/>
</kw>
<kw name="Maximize Browser Window" owner="SeleniumLibrary">
<doc>Maximizes current browser window.</doc>
<status status="PASS" start="2025-08-26T18:13:02.149149" elapsed="0.007457"/>
</kw>
<kw name="Go To" owner="SeleniumLibrary">
<msg time="2025-08-26T18:13:02.157305" level="INFO">Opening url 'https://www.saucedemo.com/'</msg>
<arg>${url}</arg>
<doc>Navigates the current browser window to the provided ``url``.</doc>
<status status="PASS" start="2025-08-26T18:13:02.156919" elapsed="1.188951"/>
</kw>
<arg>${browser_name}</arg>
<arg>${webpage_url}</arg>
<status status="PASS" start="2025-08-26T18:12:55.823781" elapsed="7.522344"/>
</kw>
<kw name="Login Into The Webpage" owner="loginpage">
<kw name="Enter User Credentials And Login" owner="loginpage">
<kw name="Page Should Contain" owner="SeleniumLibrary">
<msg time="2025-08-26T18:13:03.403068" level="INFO">Current page contains text 'Swag Labs'.</msg>
<arg>${logo_text}</arg>
<doc>Verifies that current page contains ``text``.</doc>
<status status="PASS" start="2025-08-26T18:13:03.348617" elapsed="0.056016"/>
</kw>
<kw name="Input Text" owner="SeleniumLibrary">
<msg time="2025-08-26T18:13:03.407562" level="INFO">Typing text 'standard_user' into text field 'css:#user-name'.</msg>
<arg>${email_input}</arg>
<arg>${username}</arg>
<doc>Types the given ``text`` into the text field identified by ``locator``.</doc>
<status status="PASS" start="2025-08-26T18:13:03.406780" elapsed="0.242291"/>
</kw>
<kw name="Input Password" owner="SeleniumLibrary">
<msg time="2025-08-26T18:13:03.650272" level="INFO">Typing password into text field 'css:#password'.</msg>
<msg time="2025-08-26T18:13:03.659665" level="INFO">Temporally setting log level to: NONE</msg>
<arg>${password_input}</arg>
<arg>${password}</arg>
<doc>Types the given password into the text field identified by ``locator``.</doc>
<status status="PASS" start="2025-08-26T18:13:03.649613" elapsed="0.076325"/>
</kw>
<kw name="Click Button" owner="SeleniumLibrary">
<msg time="2025-08-26T18:13:03.726567" level="INFO">Clicking button 'id:login-button'.</msg>
<arg>${login_button}</arg>
<doc>Clicks the button identified by ``locator``.</doc>
<status status="PASS" start="2025-08-26T18:13:03.726256" elapsed="0.168228"/>
</kw>
<arg>${valid_username}</arg>
<arg>${valid_password}</arg>
<status status="PASS" start="2025-08-26T18:13:03.347575" elapsed="0.547233"/>
</kw>
<kw name="Verify HomePage Login" owner="loginpage">
<kw name="Location Should Be" owner="SeleniumLibrary">
<msg time="2025-08-26T18:13:03.899939" level="INFO">Current location is 'https://www.saucedemo.com/inventory.html'.</msg>
<arg>${inventory_page_url}</arg>
<doc>Verifies that the current URL is exactly ``url``.</doc>
<status status="PASS" start="2025-08-26T18:13:03.895981" elapsed="0.004454"/>
</kw>
<status status="PASS" start="2025-08-26T18:13:03.895263" elapsed="0.005419"/>
</kw>
<status status="PASS" start="2025-08-26T18:13:03.346749" elapsed="0.554124"/>
</kw>
<kw name="Add Multiple Items To Cart" owner="inventorypage">
<for flavor="IN">
<iter>
<kw name="Get From Dictionary" owner="Collections">
<msg time="2025-08-26T18:13:03.903419" level="INFO">${locator} = css:button#add-to-cart-sauce-labs-backpack</msg>
<var>${locator}</var>
<arg>${inventory_items}</arg>
<arg>${item}</arg>
<doc>Returns a value from the given ``dictionary`` based on the given ``key``.</doc>
<status status="PASS" start="2025-08-26T18:13:03.902913" elapsed="0.000586"/>
</kw>
<kw name="Click Button" owner="SeleniumLibrary">
<msg time="2025-08-26T18:13:03.904423" level="INFO">Clicking button 'css:button#add-to-cart-sauce-labs-backpack'.</msg>
<arg>${locator}</arg>
<doc>Clicks the button identified by ``locator``.</doc>
<status status="PASS" start="2025-08-26T18:13:03.903884" elapsed="0.141068"/>
</kw>
<var name="${item}">Sauce Labs Backpack</var>
<status status="PASS" start="2025-08-26T18:13:03.902613" elapsed="0.142625"/>
</iter>
<iter>
<kw name="Get From Dictionary" owner="Collections">
<msg time="2025-08-26T18:13:04.046659" level="INFO">${locator} = css:button#add-to-cart-sauce-labs-fleece-jacket</msg>
<var>${locator}</var>
<arg>${inventory_items}</arg>
<arg>${item}</arg>
<doc>Returns a value from the given ``dictionary`` based on the given ``key``.</doc>
<status status="PASS" start="2025-08-26T18:13:04.046059" elapsed="0.000675"/>
</kw>
<kw name="Click Button" owner="SeleniumLibrary">
<msg time="2025-08-26T18:13:04.047496" level="INFO">Clicking button 'css:button#add-to-cart-sauce-labs-fleece-jacket'.</msg>
<arg>${locator}</arg>
<doc>Clicks the button identified by ``locator``.</doc>
<status status="PASS" start="2025-08-26T18:13:04.047082" elapsed="0.097353"/>
</kw>
<var name="${item}">Sauce Labs Fleece Jacket</var>
<status status="PASS" start="2025-08-26T18:13:04.045719" elapsed="0.098939"/>
</iter>
<iter>
<kw name="Get From Dictionary" owner="Collections">
<msg time="2025-08-26T18:13:04.145971" level="INFO">${locator} = css:button#add-to-cart-sauce-labs-onesie</msg>
<var>${locator}</var>
<arg>${inventory_items}</arg>
<arg>${item}</arg>
<doc>Returns a value from the given ``dictionary`` based on the given ``key``.</doc>
<status status="PASS" start="2025-08-26T18:13:04.145422" elapsed="0.000628"/>
</kw>
<kw name="Click Button" owner="SeleniumLibrary">
<msg time="2025-08-26T18:13:04.147207" level="INFO">Clicking button 'css:button#add-to-cart-sauce-labs-onesie'.</msg>
<arg>${locator}</arg>
<doc>Clicks the button identified by ``locator``.</doc>
<status status="PASS" start="2025-08-26T18:13:04.146476" elapsed="0.097102"/>
</kw>
<var name="${item}">Sauce Labs Onesie</var>
<status status="PASS" start="2025-08-26T18:13:04.145058" elapsed="0.098714"/>
</iter>
<var>${item}</var>
<value>@{list}</value>
<status status="PASS" start="2025-08-26T18:13:03.902200" elapsed="0.341740"/>
</for>
<arg>${cart_list}</arg>
<status status="PASS" start="2025-08-26T18:13:03.901583" elapsed="0.342557"/>
</kw>
<kw name="Go To Cart" owner="inventorypage">
<kw name="Click Element" owner="SeleniumLibrary">
<msg time="2025-08-26T18:13:04.245897" level="INFO">Clicking element 'css:a.shopping_cart_link'.</msg>
<arg>${cart_button}</arg>
<doc>Click the element identified by ``locator``.</doc>
<status status="PASS" start="2025-08-26T18:13:04.245450" elapsed="0.104205"/>
</kw>
<kw name="Location Should Be" owner="SeleniumLibrary">
<msg time="2025-08-26T18:13:04.354098" level="INFO">Current location is 'https://www.saucedemo.com/cart.html'.</msg>
<arg>${cart_page_url}</arg>
<doc>Verifies that the current URL is exactly ``url``.</doc>
<status status="PASS" start="2025-08-26T18:13:04.350093" elapsed="0.004195"/>
</kw>
<status status="PASS" start="2025-08-26T18:13:04.244860" elapsed="0.109634"/>
</kw>
<kw name="Go To Checkout Details" owner="checkoutpage">
<kw name="Navigate To WebPage" owner="generic">
<kw name="Click Button" owner="SeleniumLibrary">
<msg time="2025-08-26T18:13:04.356955" level="INFO">Clicking button 'css:button#checkout'.</msg>
<arg>${location}</arg>
<doc>Clicks the button identified by ``locator``.</doc>
<status status="PASS" start="2025-08-26T18:13:04.356541" elapsed="0.128417"/>
</kw>
<kw name="Location Should Be" owner="SeleniumLibrary">
<msg time="2025-08-26T18:13:04.491255" level="INFO">Current location is 'https://www.saucedemo.com/checkout-step-one.html'.</msg>
<arg>${url}</arg>
<doc>Verifies that the current URL is exactly ``url``.</doc>
<status status="PASS" start="2025-08-26T18:13:04.485419" elapsed="0.006142"/>
</kw>
<arg>${checkout_button}</arg>
<arg>${checkout_page_url}[0]</arg>
<status status="PASS" start="2025-08-26T18:13:04.355777" elapsed="0.136168"/>
</kw>
<status status="PASS" start="2025-08-26T18:13:04.355140" elapsed="0.137079"/>
</kw>
<kw name="Add Checkout Details" owner="checkoutpage">
<kw name="Input Text" owner="SeleniumLibrary">
<msg time="2025-08-26T18:13:04.494099" level="INFO">Typing text 'Navin' into text field 'css:input#first-name'.</msg>
<arg>${firstname_input}</arg>
<arg>${first_name}</arg>
<doc>Types the given ``text`` into the text field identified by ``locator``.</doc>
<status status="PASS" start="2025-08-26T18:13:04.493574" elapsed="0.069022"/>
</kw>
<kw name="Input Text" owner="SeleniumLibrary">
<msg time="2025-08-26T18:13:04.563601" level="INFO">Typing text 'Kumar' into text field 'css:input#last-name'.</msg>
<arg>${lastname_input}</arg>
<arg>${last_name}</arg>
<doc>Types the given ``text`` into the text field identified by ``locator``.</doc>
<status status="PASS" start="2025-08-26T18:13:04.563040" elapsed="0.090426"/>
</kw>
<kw name="Input Text" owner="SeleniumLibrary">
<msg time="2025-08-26T18:13:04.654828" level="INFO">Typing text '607803' into text field 'css:input#postal-code'.</msg>
<arg>${postalcode_input}</arg>
<arg>${postal_code}</arg>
<doc>Types the given ``text`` into the text field identified by ``locator``.</doc>
<status status="PASS" start="2025-08-26T18:13:04.653852" elapsed="0.042397"/>
</kw>
<status status="PASS" start="2025-08-26T18:13:04.492972" elapsed="0.203554"/>
</kw>
<kw name="Go To Checkout Overview" owner="checkoutpage">
<kw name="Navigate To WebPage" owner="generic">
<kw name="Click Button" owner="SeleniumLibrary">
<msg time="2025-08-26T18:13:04.698451" level="INFO">Clicking button 'css:input#continue'.</msg>
<arg>${location}</arg>
<doc>Clicks the button identified by ``locator``.</doc>
<status status="PASS" start="2025-08-26T18:13:04.698130" elapsed="0.086539"/>
</kw>
<kw name="Location Should Be" owner="SeleniumLibrary">
<msg time="2025-08-26T18:13:04.786991" level="INFO">Current location is 'https://www.saucedemo.com/checkout-step-two.html'.</msg>
<arg>${url}</arg>
<doc>Verifies that the current URL is exactly ``url``.</doc>
<status status="PASS" start="2025-08-26T18:13:04.784907" elapsed="0.002178"/>
</kw>
<arg>${continue_button}</arg>
<arg>${checkout_page_url}[1]</arg>
<status status="PASS" start="2025-08-26T18:13:04.697658" elapsed="0.089532"/>
</kw>
<status status="PASS" start="2025-08-26T18:13:04.697018" elapsed="0.090249"/>
</kw>
<kw name="Complete Order" owner="checkoutpage">
<kw name="Navigate To WebPage" owner="generic">
<kw name="Click Button" owner="SeleniumLibrary">
<msg time="2025-08-26T18:13:04.788576" level="INFO">Clicking button 'css:button#finish'.</msg>
<arg>${location}</arg>
<doc>Clicks the button identified by ``locator``.</doc>
<status status="PASS" start="2025-08-26T18:13:04.788363" elapsed="0.078077"/>
</kw>
<kw name="Location Should Be" owner="SeleniumLibrary">
<msg time="2025-08-26T18:13:04.870905" level="INFO">Current location is 'https://www.saucedemo.com/checkout-complete.html'.</msg>
<arg>${url}</arg>
<doc>Verifies that the current URL is exactly ``url``.</doc>
<status status="PASS" start="2025-08-26T18:13:04.866747" elapsed="0.004323"/>
</kw>
<arg>${finish_button}</arg>
<arg>${checkout_complete_page_url}</arg>
<status status="PASS" start="2025-08-26T18:13:04.788007" elapsed="0.083434"/>
</kw>
<status status="PASS" start="2025-08-26T18:13:04.787687" elapsed="0.083920"/>
</kw>
<kw name="Verify Checkout Message" owner="checkoutpage">
<kw name="Verify Notification Message" owner="generic">
<kw name="Wait Until Element Is Visible" owner="SeleniumLibrary">
<arg>${element}</arg>
<doc>Waits until the element ``locator`` is visible.</doc>
<status status="PASS" start="2025-08-26T18:13:04.873097" elapsed="0.015701"/>
</kw>
<kw name="Page Should Contain" owner="SeleniumLibrary">
<msg time="2025-08-26T18:13:04.895890" level="INFO">Current page contains text 'Thank you for your order!'.</msg>
<arg>${notification_text}</arg>
<doc>Verifies that current page contains ``text``.</doc>
<status status="PASS" start="2025-08-26T18:13:04.889057" elapsed="0.006955"/>
</kw>
<arg>${checkout_element}</arg>
<arg>${checkout_message}[0]</arg>
<status status="PASS" start="2025-08-26T18:13:04.872590" elapsed="0.023555"/>
</kw>
<kw name="Page Should Contain" owner="SeleniumLibrary">
<msg time="2025-08-26T18:13:04.903769" level="INFO">Current page contains text 'Your order has been dispatched, and will arrive just as fast as the pony can get there!'.</msg>
<arg>${checkout_message}[1]</arg>
<doc>Verifies that current page contains ``text``.</doc>
<status status="PASS" start="2025-08-26T18:13:04.896376" elapsed="0.007541"/>
</kw>
<kw name="Click Button" owner="SeleniumLibrary">
<msg time="2025-08-26T18:13:04.904463" level="INFO">Clicking button 'css:button#back-to-products'.</msg>
<arg>${home_button}</arg>
<doc>Clicks the button identified by ``locator``.</doc>
<status status="PASS" start="2025-08-26T18:13:04.904151" elapsed="0.079798"/>
</kw>
<status status="PASS" start="2025-08-26T18:13:04.872158" elapsed="0.112100"/>
</kw>
<kw name="Close The Browser" owner="generic" type="TEARDOWN">
<kw name="Close Browser" owner="SeleniumLibrary">
<doc>Closes the current browser.</doc>
<status status="PASS" start="2025-08-26T18:13:04.987471" elapsed="3.356955"/>
</kw>
<status status="PASS" start="2025-08-26T18:13:04.986608" elapsed="3.358275"/>
</kw>
<status status="PASS" start="2025-08-26T18:12:55.821531" elapsed="12.524116"/>
</test>
<doc>Test cases for the checkout page of the SauceDemo website.</doc>
<status status="PASS" start="2025-08-26T18:12:10.042185" elapsed="58.306863"/>
</suite>
<statistics>
<total>
<stat pass="5" fail="0" skip="0">All Tests</stat>
</total>
<tag>
</tag>
<suite>
<stat name="Saucedemo" id="s1" pass="5" fail="0" skip="0">Saucedemo</stat>
</suite>
</statistics>
<errors>
</errors>
</robot>
